Log file open, 05/17/21 18:18:44
LogWindows: Failed to load 'aqProf.dll' (GetLastError=126)
LogWindows: File 'aqProf.dll' does not exist
LogWindows: Failed to load 'VSPerf140.dll' (GetLastError=126)
LogWindows: File 'VSPerf140.dll' does not exist
LogWindows: Failed to load 'VtuneApi.dll' (GetLastError=126)
LogWindows: File 'VtuneApi.dll' does not exist
LogWindows: Failed to load 'VtuneApi32e.dll' (GetLastError=126)
LogWindows: File 'VtuneApi32e.dll' does not exist
LogInit: Display: Running engine for game: MarbleRun
LogPlatformFile: Not using cached read wrapper
LogTaskGraph: Started task graph with 5 named threads and 23 total threads with 3 sets of task threads.
LogStats: Stats thread started at 0.401065
LogD3D11RHI: Loaded GFSDK_Aftermath_Lib.x64.dll
LogICUInternationalization: Display: ICU TimeZone Detection - Raw Offset: -8:00, Platform Override: ''
LogPluginManager: Mounting plugin Paper2D
LogPluginManager: Mounting plugin AISupport
LogPluginManager: Mounting plugin LightPropagationVolume
LogPluginManager: Mounting plugin CLionSourceCodeAccess
LogPluginManager: Mounting plugin CodeLiteSourceCodeAccess
LogPluginManager: Mounting plugin GitSourceControl
LogPluginManager: Mounting plugin KDevelopSourceCodeAccess
LogPluginManager: Mounting plugin NullSourceCodeAccess
LogPluginManager: Mounting plugin PerforceSourceControl
LogPluginManager: Mounting plugin SubversionSourceControl
LogPluginManager: Mounting plugin UObjectPlugin
LogPluginManager: Mounting plugin VisualStudioCodeSourceCodeAccess
LogPluginManager: Mounting plugin VisualStudioSourceCodeAccess
LogPluginManager: Mounting plugin XCodeSourceCodeAccess
LogPluginManager: Mounting plugin AssetManagerEditor
LogPluginManager: Mounting plugin CryptoKeys
LogPluginManager: Mounting plugin DataValidation
LogPluginManager: Mounting plugin FacialAnimation
LogPluginManager: Mounting plugin GameplayTagsEditor
LogPluginManager: Mounting plugin MacGraphicsSwitching
LogPluginManager: Mounting plugin MeshEditor
LogPluginManager: Mounting plugin MobileLauncherProfileWizard
LogPluginManager: Mounting plugin PluginBrowser
LogPluginManager: Mounting plugin SpeedTreeImporter
LogPluginManager: Mounting plugin DatasmithContent
LogPluginManager: Mounting plugin AlembicImporter
LogPluginManager: Mounting plugin AppleImageUtils
LogPluginManager: Mounting plugin AppleVision
LogPluginManager: Mounting plugin BackChannel
LogPluginManager: Mounting plugin CharacterAI
LogPluginManager: Mounting plugin GeometryCache
LogPluginManager: Mounting plugin HTML5Networking
LogPluginManager: Mounting plugin ProxyLODPlugin
LogPluginManager: Mounting plugin MagicLeap
LogPluginManager: Mounting plugin MagicLeapEmulator
LogPluginManager: Mounting plugin MagicLeapMedia
LogPluginManager: Mounting plugin AndroidMedia
LogPluginManager: Mounting plugin AvfMedia
LogPluginManager: Mounting plugin ImgMedia
LogPluginManager: Mounting plugin LinearTimecode
LogPluginManager: Mounting plugin MediaCompositing
LogPluginManager: Mounting plugin MediaPlayerEditor
LogPluginManager: Mounting plugin WmfMedia
LogPluginManager: Mounting plugin TcpMessaging
LogPluginManager: Mounting plugin UdpMessaging
LogPluginManager: Mounting plugin ActorSequence
LogPluginManager: Mounting plugin LevelSequenceEditor
LogPluginManager: Mounting plugin MatineeToLevelSequence
LogPluginManager: Mounting plugin NetcodeUnitTest
LogPluginManager: Mounting plugin NUTUnrealEngine4
LogPluginManager: Mounting plugin OnlineSubsystemGooglePlay
LogPluginManager: Mounting plugin OnlineSubsystemIOS
LogPluginManager: Mounting plugin OnlineSubsystem
LogPluginManager: Mounting plugin OnlineSubsystemNull
LogPluginManager: Mounting plugin OnlineSubsystemUtils
LogPluginManager: Mounting plugin LauncherChunkInstaller
LogPluginManager: Mounting plugin AndroidDeviceProfileSelector
LogPluginManager: Mounting plugin AndroidMoviePlayer
LogPluginManager: Mounting plugin AndroidPermission
LogPluginManager: Mounting plugin AppleMoviePlayer
LogPluginManager: Mounting plugin ArchVisCharacter
LogPluginManager: Mounting plugin AudioCapture
LogPluginManager: Mounting plugin CableComponent
LogPluginManager: Mounting plugin CustomMeshComponent
LogPluginManager: Mounting plugin EditableMesh
LogPluginManager: Mounting plugin ExampleDeviceProfileSelector
LogPluginManager: Mounting plugin GoogleCloudMessaging
LogPluginManager: Mounting plugin ImmediatePhysics
LogPluginManager: Mounting plugin IOSDeviceProfileSelector
LogPluginManager: Mounting plugin LinuxDeviceProfileSelector
LogPluginManager: Mounting plugin LocationServicesBPLibrary
LogPluginManager: Mounting plugin MobilePatchingUtils
LogPluginManager: Mounting plugin OculusVR
LogPluginManager: Plugin shader directory ../../../Engine/Plugins/Runtime/Oculus/OculusVR/Shaders found
LogPluginManager: Mapping shader source directory ../../../Engine/Plugins/Runtime/Oculus/OculusVR/Shaders to virtual directory /Plugin/OculusVR
LogPluginManager: Mounting plugin PhysXVehicles
LogPluginManager: Mounting plugin ProceduralMeshComponent
LogPluginManager: Mounting plugin RuntimePhysXCooking
LogPluginManager: Mounting plugin SteamVR
LogPluginManager: Mounting plugin WindowsMoviePlayer
LogStreaming: Display: Took  0.348s to configure plugins.
LogInit: Using libcurl 7.55.1-DEV
LogInit:  - built for x86_64-pc-win32
LogInit:  - supports SSL with OpenSSL/1.0.2h
LogInit:  - supports HTTP deflate (compression) using libz 1.2.8
LogInit:  - other features:
LogInit:      CURL_VERSION_SSL
LogInit:      CURL_VERSION_LIBZ
LogInit:      CURL_VERSION_IPV6
LogInit:      CURL_VERSION_ASYNCHDNS
LogInit:      CURL_VERSION_LARGEFILE
LogInit:      CURL_VERSION_IDN
LogInit:  CurlRequestOptions (configurable via config and command line):
LogInit:  - bVerifyPeer = false  - Libcurl will NOT verify peer certificate
LogInit:  - bUseHttpProxy = false  - Libcurl will NOT use HTTP proxy
LogInit:  - bDontReuseConnections = false  - Libcurl will reuse connections
LogInit:  - CertBundlePath = nullptr  - Libcurl will use whatever was configured at build time.
LogInit:  - MaxHostConnections = 16  - Libcurl will limit the number of connections to a host
LogInit:  - LocalHostAddr = Default
LogInit:  - BufferSize = 65536
LogInit: WinSock: version 1.1 (2.2), MaxSocks=32767, MaxUdp=65467
LogInit: Build: ++UE4+Release-4.20-CL-4369336
LogInit: Engine Version: 4.20.3-4369336+++UE4+Release-4.20
LogInit: Compatible Engine Version: 4.20.0-4212847+++UE4+Release-4.20
LogInit: Net CL: 4212847
LogInit: OS: Windows 10 (), CPU: AMD Ryzen 5 3550H with Radeon Vega Mobile Gfx  , GPU: AMD Radeon(TM) Vega 8 Graphics
LogInit: Compiled (64-bit): Sep 17 2018 12:26:19
LogInit: Compiled with Visual C++: 19.13.26129.00
LogInit: Build Configuration: Development
LogInit: Branch Name: ++UE4+Release-4.20
LogInit: Command Line: 
LogInit: Base Directory: C:/Program Files/Epic Games/UE_4.20/Engine/Binaries/Win64/
LogInit: Installed Engine Build: 1
LogDevObjectVersion: Number of dev versions registered: 20
LogDevObjectVersion:   Dev-Blueprints (B0D832E4-1F89-4F0D-ACCF-7EB736FD4AA2): 10
LogDevObjectVersion:   Dev-Build (E1C64328-A22C-4D53-A36C-8E866417BD8C): 0
LogDevObjectVersion:   Dev-Core (375EC13C-06E4-48FB-B500-84F0262A717E): 2
LogDevObjectVersion:   Dev-Editor (E4B068ED-F494-42E9-A231-DA0B2E46BB41): 24
LogDevObjectVersion:   Dev-Framework (CFFC743F-43B0-4480-9391-14DF171D2073): 34
LogDevObjectVersion:   Dev-Mobile (B02B49B5-BB20-44E9-A304-32B752E40360): 2
LogDevObjectVersion:   Dev-Networking (A4E4105C-59A1-49B5-A7C5-40C4547EDFEE): 0
LogDevObjectVersion:   Dev-Online (39C831C9-5AE6-47DC-9A44-9C173E1C8E7C): 0
LogDevObjectVersion:   Dev-Physics (78F01B33-EBEA-4F98-B9B4-84EACCB95AA2): 0
LogDevObjectVersion:   Dev-Platform (6631380F-2D4D-43E0-8009-CF276956A95A): 0
LogDevObjectVersion:   Dev-Rendering (12F88B9F-8875-4AFC-A67C-D90C383ABD29): 26
LogDevObjectVersion:   Dev-Sequencer (7B5AE74C-D270-4C10-A958-57980B212A5A): 9
LogDevObjectVersion:   Dev-VR (D7296918-1DD6-4BDD-9DE2-64A83CC13884): 2
LogDevObjectVersion:   Dev-LoadTimes (C2A15278-BFE7-4AFE-6C17-90FF531DF755): 1
LogDevObjectVersion:   Private-Geometry (6EACA3D4-40EC-4CC1-B786-8BED09428FC5): 3
LogDevObjectVersion:   Dev-AnimPhys (29E575DD-E0A3-4627-9D10-D276232CDCEA): 17
LogDevObjectVersion:   Dev-ReflectionCapture (6B266CEC-1EC7-4B8F-A30B-E4D90942FC07): 1
LogDevObjectVersion:   Dev-Automation (0DF73D61-A23F-47EA-B727-89E90C41499A): 1
LogDevObjectVersion:   FortniteMain (601D1886-AC64-4F84-AA16-D3DE0DEAC7D6): 12
LogDevObjectVersion:   Dev-Enterprise (9DFFBCD6-494F-0158-E221-12823C92A888): 1
LogStreaming: Display: Took  0.001s to delete old logs.
LogInit: Presizing for max 8388607 objects, including 0 objects not considered by GC, pre-allocating 0 bytes for permanent pool.
LogInit: Object subsystem initialized
[2021.05.18-01.18.45:204][  0]LogInit: Selected Device Profile: [Windows]
[2021.05.18-01.18.45:204][  0]LogInit: Applying CVar settings loaded from the selected device profile: [Windows]
[2021.05.18-01.18.45:221][  0]LogHAL: Display: Platform has ~ 8 GB [8390643712 / 8589934592 / 8], which maps to Default [LargestMinGB=32, LargerMinGB=12, DefaultMinGB=8, SmallerMinGB=6, SmallestMinGB=0)
[2021.05.18-01.18.45:221][  0]LogInit: Setting Device Profile CVar: [[r.Vulkan.UseRealUBs:1]]
[2021.05.18-01.18.45:221][  0]LogInit: Going up to parent DeviceProfile []
[2021.05.18-01.18.45:221][  0]LogInit: Computer: LAPTOP-1KK34GMN
[2021.05.18-01.18.45:221][  0]LogInit: User: Myles
[2021.05.18-01.18.45:221][  0]LogInit: CPU Page size=4096, Cores=4
[2021.05.18-01.18.45:221][  0]LogInit: High frequency timer resolution =10.000000 MHz
[2021.05.18-01.18.45:222][  0]LogMemory: Memory total: Physical=7.8GB (8GB approx)
[2021.05.18-01.18.45:222][  0]LogMemory: Platform Memory Stats for Windows
[2021.05.18-01.18.45:222][  0]LogMemory: Process Physical Memory: 100.66 MB used, 100.66 MB peak
[2021.05.18-01.18.45:222][  0]LogMemory: Process Virtual Memory: 91.06 MB used, 91.06 MB peak
[2021.05.18-01.18.45:222][  0]LogMemory: Physical Memory: 6483.98 MB used,  1517.96 MB free, 8001.94 MB total
[2021.05.18-01.18.45:222][  0]LogMemory: Virtual Memory: 4628.96 MB used,  1517.96 MB free, 134217728.00 MB total
[2021.05.18-01.18.45:250][  0]LogInit: Using OS detected language (en-US).
[2021.05.18-01.18.45:250][  0]LogInit: Using OS detected locale (en-US).
[2021.05.18-01.18.45:251][  0]LogTextLocalizationManager: No specific localization for 'en-US' exists, so the 'en' localization will be used.
[2021.05.18-01.18.45:875][  0]LogStreaming: Display: Took  0.626s to InitEngineTextLocalization.
[2021.05.18-01.18.45:875][  0]LogInit: Setting process to per monitor DPI aware
[2021.05.18-01.18.45:945][  0]LogSlate: New Slate User Created.  User Index 0, Is Virtual User: 0
[2021.05.18-01.18.45:945][  0]LogSlate: Slate User Registered.  User Index 0, Is Virtual User: 0
[2021.05.18-01.18.46:572][  0]LogHMD: Failed to initialize OpenVR with code 110
[2021.05.18-01.18.46:572][  0]LogD3D11RHI: D3D11 adapters:
[2021.05.18-01.18.46:762][  0]LogD3D11RHI:    0. 'Radeon RX 560X' (Feature Level 11_0)
[2021.05.18-01.18.46:762][  0]LogD3D11RHI:       4075/0/4000 MB DedicatedVideo/DedicatedSystem/SharedSystem, Outputs:2, VendorId:0x1002
[2021.05.18-01.18.46:825][  0]LogD3D11RHI:    1. 'AMD Radeon(TM) Vega 8 Graphics' (Feature Level 11_0)
[2021.05.18-01.18.46:825][  0]LogD3D11RHI:       113/0/4000 MB DedicatedVideo/DedicatedSystem/SharedSystem, Outputs:0, VendorId:0x1002
[2021.05.18-01.18.46:883][  0]LogD3D11RHI:    2. 'AMD Radeon(TM) Vega 8 Graphics' (Feature Level 11_0)
[2021.05.18-01.18.46:883][  0]LogD3D11RHI:       113/0/4000 MB DedicatedVideo/DedicatedSystem/SharedSystem, Outputs:0, VendorId:0x1002
[2021.05.18-01.18.46:888][  0]LogD3D11RHI:    3. 'Microsoft Basic Render Driver' (Feature Level 11_0)
[2021.05.18-01.18.46:888][  0]LogD3D11RHI:       0/0/4000 MB DedicatedVideo/DedicatedSystem/SharedSystem, Outputs:0, VendorId:0x1414
[2021.05.18-01.18.46:888][  0]LogD3D11RHI: Chosen D3D11 Adapter: 0
[2021.05.18-01.18.46:912][  0]LogD3D11RHI: Creating new Direct3DDevice
[2021.05.18-01.18.46:912][  0]LogD3D11RHI:     GPU DeviceId: 0x67ef (for the marketing name, search the web for "GPU Device Id")
[2021.05.18-01.18.46:913][  0]LogWindows: EnumDisplayDevices:
[2021.05.18-01.18.46:913][  0]LogWindows:    0. 'AMD Radeon(TM) Vega 8 Graphics' (P:1 D:1)
[2021.05.18-01.18.46:913][  0]LogWindows:    1. 'AMD Radeon(TM) Vega 8 Graphics' (P:0 D:1)
[2021.05.18-01.18.46:914][  0]LogWindows:    2. 'AMD Radeon(TM) Vega 8 Graphics' (P:0 D:0)
[2021.05.18-01.18.46:915][  0]LogWindows:    3. 'AMD Radeon(TM) Vega 8 Graphics' (P:0 D:0)
[2021.05.18-01.18.46:915][  0]LogWindows:    4. 'Radeon RX 560X' (P:0 D:0)
[2021.05.18-01.18.46:916][  0]LogWindows:    5. 'Radeon RX 560X' (P:0 D:0)
[2021.05.18-01.18.46:916][  0]LogWindows:    6. 'Radeon RX 560X' (P:0 D:0)
[2021.05.18-01.18.46:917][  0]LogWindows:    7. 'Citrix Indirect Display Adapter' (P:0 D:0)
[2021.05.18-01.18.46:917][  0]LogWindows:    8. 'Citrix Indirect Display Adapter' (P:0 D:0)
[2021.05.18-01.18.46:918][  0]LogWindows:    9. 'Citrix Indirect Display Adapter' (P:0 D:0)
[2021.05.18-01.18.46:918][  0]LogWindows:    10. 'Citrix Indirect Display Adapter' (P:0 D:0)
[2021.05.18-01.18.46:918][  0]LogWindows:    11. 'Citrix Indirect Display Adapter' (P:0 D:0)
[2021.05.18-01.18.46:919][  0]LogWindows:    12. 'Citrix Indirect Display Adapter' (P:0 D:0)
[2021.05.18-01.18.46:919][  0]LogWindows:    13. 'Citrix Indirect Display Adapter' (P:0 D:0)
[2021.05.18-01.18.46:920][  0]LogWindows:    14. 'Citrix Indirect Display Adapter' (P:0 D:0)
[2021.05.18-01.18.46:920][  0]LogWindows: DebugString: PrimaryIsNotTheChoosenAdapter PrimaryIsNotTheChoosenAdapter PrimaryIsNotTheChoosenAdapter PrimaryIsNotTheChoosenAdapter GetVideoDriverDetailsInvalid PrimaryIsNotTheChoosenAdapter GetVideoDriverDetailsInvalid PrimaryIsNotTheChoosenAdapter GetVideoDriverDetailsInvalid PrimaryIsNotTheChoosenAdapter GetVideoDriverDetailsInvalid PrimaryIsNotTheChoosenAdapter GetVideoDriverDetailsInvalid PrimaryIsNotTheChoosenAdapter GetVideoDriverDetailsInvalid PrimaryIsNotTheChoosenAdapter GetVideoDriverDetailsInvalid PrimaryIsNotTheChoosenAdapter GetVideoDriverDetailsInvalid PrimaryIsNotTheChoosenAdapter FoundDriverCount:3 
[2021.05.18-01.18.46:921][  0]LogD3D11RHI:     Adapter Name: Radeon RX 560X
[2021.05.18-01.18.46:921][  0]LogD3D11RHI:   Driver Version: Adrenalin 2020 20.9.1 (internal:27.20.12029.1000, unified:27.20.12029.1000)
[2021.05.18-01.18.46:921][  0]LogD3D11RHI:      Driver Date: 9-9-2020
[2021.05.18-01.18.46:921][  0]LogRHI: Texture pool is 2853 MB (70% of 4075 MB)
[2021.05.18-01.18.47:038][  0]LogD3D11RHI: Async texture creation enabled
[2021.05.18-01.18.47:057][  0]LogD3D11RHI: GPU Timing Frequency: 25.000000 (Debug: 2 1)
[2021.05.18-01.18.47:060][  0]LogShaderCompilers: Guid format shader working directory is -28 characters bigger than the processId version (../../../../../../Users/Myles/OneDrive/Documents/Unreal Projects/MarbleRun/Intermediate/Shaders/WorkingDirectory/9092/).
[2021.05.18-01.18.47:060][  0]LogShaderCompilers: Cleaned the shader compiler working directory 'C:/Users/Myles/AppData/Local/Temp/UnrealShaderWorkingDir/B5E984264E721692F08E7F82C6AD152D/'.
[2021.05.18-01.18.47:518][  0]LogTemp: Display: Loaded TP AllDesktopTargetPlatform
[2021.05.18-01.18.47:545][  0]LogTemp: Display: Loaded TP MacClientTargetPlatform
[2021.05.18-01.18.47:571][  0]LogTemp: Display: Loaded TP MacNoEditorTargetPlatform
[2021.05.18-01.18.47:596][  0]LogTemp: Display: Loaded TP MacServerTargetPlatform
[2021.05.18-01.18.47:624][  0]LogTemp: Display: Loaded TP MacTargetPlatform
[2021.05.18-01.18.47:651][  0]LogTemp: Display: Loaded TP WindowsClientTargetPlatform
[2021.05.18-01.18.47:677][  0]LogTemp: Display: Loaded TP WindowsNoEditorTargetPlatform
[2021.05.18-01.18.47:706][  0]LogTemp: Display: Loaded TP WindowsServerTargetPlatform
[2021.05.18-01.18.47:719][  0]LogTemp: Display: Loaded TP WindowsTargetPlatform
[2021.05.18-01.18.47:877][  0]LogTemp: Display: Loaded TP AndroidTargetPlatform
[2021.05.18-01.18.47:877][  0]LogTemp: Display: Loaded TP AndroidTargetPlatform
[2021.05.18-01.18.47:877][  0]LogTemp: Display: Loaded TP AndroidTargetPlatform
[2021.05.18-01.18.47:877][  0]LogTemp: Display: Loaded TP AndroidTargetPlatform
[2021.05.18-01.18.47:877][  0]LogTemp: Display: Loaded TP AndroidTargetPlatform
[2021.05.18-01.18.47:877][  0]LogTemp: Display: Loaded TP AndroidTargetPlatform
[2021.05.18-01.18.47:877][  0]LogTemp: Display: Loaded TP AndroidTargetPlatform
[2021.05.18-01.18.47:877][  0]LogTemp: Display: Loaded TP AndroidTargetPlatform
[2021.05.18-01.18.47:877][  0]LogTemp: Display: Loaded TP AndroidTargetPlatform
[2021.05.18-01.18.47:877][  0]LogTemp: Display: Loaded TP AndroidTargetPlatform
[2021.05.18-01.18.47:877][  0]LogTemp: Display: Loaded TP AndroidTargetPlatform
[2021.05.18-01.18.47:877][  0]LogTemp: Display: Loaded TP AndroidTargetPlatform
[2021.05.18-01.18.47:877][  0]LogTemp: Display: Loaded TP AndroidTargetPlatform
[2021.05.18-01.18.47:877][  0]LogTemp: Display: Loaded TP AndroidTargetPlatform
[2021.05.18-01.18.47:877][  0]LogTemp: Display: Loaded TP AndroidTargetPlatform
[2021.05.18-01.18.47:877][  0]LogTemp: Display: Loaded TP AndroidTargetPlatform
[2021.05.18-01.18.47:877][  0]LogTemp: Display: Loaded TP AndroidTargetPlatform
[2021.05.18-01.18.47:877][  0]LogTemp: Display: Loaded TP AndroidTargetPlatform
[2021.05.18-01.18.47:881][  0]LogTemp: Display: Loaded TP HTML5TargetPlatform
[2021.05.18-01.18.47:970][  0]LogTemp: Display: Loaded TP IOSTargetPlatform
[2021.05.18-01.18.47:970][  0]LogTemp: Display: Loaded TP IOSTargetPlatform
[2021.05.18-01.18.48:016][  0]LogTemp: Display: Loaded TP TVOSTargetPlatform
[2021.05.18-01.18.48:016][  0]LogTemp: Display: Loaded TP TVOSTargetPlatform
[2021.05.18-01.18.48:041][  0]LogTemp: Display: Loaded TP LinuxClientTargetPlatform
[2021.05.18-01.18.48:066][  0]LogTemp: Display: Loaded TP LinuxNoEditorTargetPlatform
[2021.05.18-01.18.48:090][  0]LogTemp: Display: Loaded TP LinuxServerTargetPlatform
[2021.05.18-01.18.48:116][  0]LogTemp: Display: Loaded TP LinuxTargetPlatform
[2021.05.18-01.18.48:133][  0]LogTemp: Display: Loaded TP LuminTargetPlatform
[2021.05.18-01.18.48:133][  0]LogTargetPlatformManager: Display: Building Assets For Windows
[2021.05.18-01.18.48:261][  0]LogXGEController: Cannot use XGE Controller as Incredibuild is not installed on this machine.
[2021.05.18-01.18.48:262][  0]LogShaderCompilers: Cannot use XGE Shader Compiler as Incredibuild is not installed on this machine.
[2021.05.18-01.18.48:262][  0]LogShaderCompilers: Display: Using Local Shader Compiler.
[2021.05.18-01.18.50:379][  0]LogDerivedDataCache: Display: Max Cache Size: 512 MB
[2021.05.18-01.18.50:498][  0]LogDerivedDataCache: Loaded boot cache 0.12s 71MB C:/Users/Myles/AppData/Local/UnrealEngine/4.20/DerivedDataCache/Boot.ddc.
[2021.05.18-01.18.50:499][  0]LogDerivedDataCache: Display: Loaded Boot cache: C:/Users/Myles/AppData/Local/UnrealEngine/4.20/DerivedDataCache/Boot.ddc
[2021.05.18-01.18.50:499][  0]LogDerivedDataCache: FDerivedDataBackendGraph:  Pak pak cache file ../../../../../../Users/Myles/OneDrive/Documents/Unreal Projects/MarbleRun/DerivedDataCache/DDC.ddp not found, will not use a pak cache.
[2021.05.18-01.18.50:499][  0]LogDerivedDataCache: Unable to find inner node Pak for hierarchical cache Hierarchy.
[2021.05.18-01.18.50:499][  0]LogDerivedDataCache: FDerivedDataBackendGraph:  CompressedPak pak cache file ../../../../../../Users/Myles/OneDrive/Documents/Unreal Projects/MarbleRun/DerivedDataCache/Compressed.ddp not found, will not use a pak cache.
[2021.05.18-01.18.50:499][  0]LogDerivedDataCache: Unable to find inner node CompressedPak for hierarchical cache Hierarchy.
[2021.05.18-01.18.50:521][  0]LogDerivedDataCache: Display: Pak cache opened for reading ../../../Engine/DerivedDataCache/Compressed.ddp.
[2021.05.18-01.18.50:535][  0]LogDerivedDataCache: Using Local data cache path C:/Users/Myles/AppData/Local/UnrealEngine/Common/DerivedDataCache: Writable
[2021.05.18-01.18.50:535][  0]LogDerivedDataCache: Shared data cache path not found in *engine.ini, will not use an Shared cache.
[2021.05.18-01.18.50:535][  0]LogDerivedDataCache: Unable to find inner node Shared for hierarchical cache Hierarchy.
[2021.05.18-01.18.50:563][  0]LogMaterial: Verifying Global Shaders for PCD3D_SM5
[2021.05.18-01.18.50:565][  0]LogSlate: Using FreeType 2.6.0
[2021.05.18-01.18.50:566][  0]LogSlate: SlateFontServices - WITH_FREETYPE: 1, WITH_HARFBUZZ: 1
[2021.05.18-01.18.50:656][  0]LogAssetRegistry: FAssetRegistry took 0.0279 seconds to start up
[2021.05.18-01.18.51:232][  0]LogInit: Selected Device Profile: [Windows]
[2021.05.18-01.18.51:419][  0]LogSimplygon: Simplygon DLL not present - disabling.
[2021.05.18-01.18.51:426][  0]LogMeshReduction: Using SimplygonSwarm for distributed automatic mesh merging
[2021.05.18-01.18.51:426][  0]LogMeshReduction: Using ProxyLODMeshReduction for automatic mesh merging
[2021.05.18-01.18.51:426][  0]LogMeshReduction: Using QuadricMeshReduction for automatic static mesh reduction
[2021.05.18-01.18.51:426][  0]LogMeshReduction: No automatic skeletal mesh reduction module available
[2021.05.18-01.18.51:449][  0]LogNetVersion: MarbleRun 1.0.0, NetCL: 4212847, EngineNetVer: 5, GameNetVer: 0 (Checksum: 2968469525)
[2021.05.18-01.18.52:814][  0]LogPackageLocalizationCache: Processed 11 localized package path(s) for 2 prioritized culture(s) in 0.391218 seconds
[2021.05.18-01.18.52:835][  0]LogUObjectArray: 38425 objects as part of root set at end of initial load.
[2021.05.18-01.18.52:836][  0]LogUObjectAllocator: 6690872 out of 0 bytes used by permanent object pool.
[2021.05.18-01.18.52:836][  0]LogUObjectArray: CloseDisregardForGC: 0/0 objects in disregard for GC pool
[2021.05.18-01.18.55:044][  0]LogTcpMessaging: Initializing TcpMessaging bridge
[2021.05.18-01.18.55:064][  0]LogUdpMessaging: Initializing bridge on interface 0.0.0.0:0 to multicast group 230.0.0.1:6666.
[2021.05.18-01.18.55:439][  0]SourceControl: Source control is disabled
[2021.05.18-01.18.55:439][  0]SourceControl: Source control is disabled
[2021.05.18-01.18.55:442][  0]SourceControl: Source control is disabled
[2021.05.18-01.18.55:445][  0]SourceControl: Source control is disabled
[2021.05.18-01.18.55:940][  0]LogAndroidPermission: UAndroidPermissionCallbackProxy::GetInstance
[2021.05.18-01.18.56:243][  0]LogOcInput: OculusInput pre-init called
[2021.05.18-01.18.56:374][  0]LogEngine: Initializing Engine...
[2021.05.18-01.18.56:377][  0]LogHMD: Failed to initialize OpenVR with code 110
[2021.05.18-01.18.56:379][  0]LogStats: UGameplayTagsManager::ConstructGameplayTagTree: ImportINI prefixes -  0.000 s
[2021.05.18-01.18.56:379][  0]LogStats: UGameplayTagsManager::ConstructGameplayTagTree: Construct from data asset -  0.000 s
[2021.05.18-01.18.56:380][  0]LogStats: UGameplayTagsManager::ConstructGameplayTagTree: ImportINI -  0.000 s
[2021.05.18-01.18.56:380][  0]LogStats: UGameplayTagsManager::ConstructGameplayTagTree: GameplayTagTreeChangedEvent.Broadcast -  0.000 s
[2021.05.18-01.18.56:890][  0]LogInit: Initializing FReadOnlyCVARCache
[2021.05.18-01.18.56:925][  0]LogAIModule: Creating AISystem for world Untitled
[2021.05.18-01.18.56:979][  0]LogInit: XAudio2 using 'Speakers (2- USB Audio Device)' : 2 channels at 48 kHz using 16 bits per sample (channel mask 0x3)
[2021.05.18-01.18.57:038][  0]LogInit: FAudioDevice initialized.
[2021.05.18-01.18.57:038][  0]LogNetVersion: Set ProjectVersion to 1.0.0.0. Version Checksum will be recalculated on next use.
[2021.05.18-01.18.57:163][  0]LogDerivedDataCache: Saved boot cache 0.13s 71MB C:/Users/Myles/AppData/Local/UnrealEngine/4.20/DerivedDataCache/Boot.ddc.
[2021.05.18-01.18.57:164][  0]LogInit: Texture streaming: Enabled
[2021.05.18-01.18.57:219][  0]LogEngineSessionManager: EngineSessionManager initialized
[2021.05.18-01.18.57:260][  0]LogInit: Transaction tracking system initialized
[2021.05.18-01.18.57:315][  0]BlueprintLog: New page: Editor Load
[2021.05.18-01.18.57:529][  0]LocalizationService: Localization service is disabled
[2021.05.18-01.18.58:155][  0]LogCook: Display: Max memory allowance for cook 16384mb min free memory 0mb
[2021.05.18-01.18.58:155][  0]LogCook: Display: Mobile HDR setting 1
[2021.05.18-01.18.58:156][  0]LogGameplayTags: Display: UGameplayTagsManager::DoneAddingNativeTags. DelegateIsBound: 0
[2021.05.18-01.18.58:157][  0]LogStats: UGameplayTagsManager::ConstructGameplayTagTree: ImportINI prefixes -  0.000 s
[2021.05.18-01.18.58:157][  0]LogStats: UGameplayTagsManager::ConstructGameplayTagTree: Construct from data asset -  0.000 s
[2021.05.18-01.18.58:157][  0]LogStats: UGameplayTagsManager::ConstructGameplayTagTree: ImportINI -  0.000 s
[2021.05.18-01.18.58:157][  0]LogStats: UGameplayTagsManager::ConstructGameplayTagTree: GameplayTagTreeChangedEvent.Broadcast -  0.000 s
[2021.05.18-01.18.58:471][  0]LogFileCache: Scanning file cache for directory 'C:/Users/Myles/OneDrive/Documents/Unreal Projects/MarbleRun/Content/' took 0.02s
[2021.05.18-01.18.58:471][  0]SourceControl: Source control is disabled
[2021.05.18-01.18.58:471][  0]Cmd: MAP LOAD FILE="../../../../../../Users/Myles/OneDrive/Documents/Unreal Projects/MarbleRun/Content/StarterContent/Maps/Minimal_Default.umap" TEMPLATE=0 SHOWPROGRESS=1 FEATURELEVEL=3
[2021.05.18-01.18.58:472][  0]LightingResults: New page: Lighting Build
[2021.05.18-01.18.58:477][  0]MapCheck: New page: Map Check
[2021.05.18-01.18.58:478][  0]LightingResults: New page: Lighting Build
[2021.05.18-01.18.59:641][  0]LogAIModule: Creating AISystem for world Minimal_Default
[2021.05.18-01.18.59:667][  0]LogEditorServer: Finished looking for orphan Actors (0.000 secs)
[2021.05.18-01.18.59:701][  0]Cmd: MAP CHECKDEP NOCLEARLOG
[2021.05.18-01.18.59:926][  0]MapCheck: Map check complete: 0 Error(s), 0 Warning(s), took 225.033ms to complete.
[2021.05.18-01.18.59:926][  0]LogFileHelpers: Loading map 'Minimal_Default' took 1.455
[2021.05.18-01.19.00:176][  0]LogSlate: Updating window title bar state: overlay mode, drag disabled, window buttons hidden, title bar hidden
[2021.05.18-01.19.00:191][  0]LogSlate: Updating window title bar state: overlay mode, drag disabled, window buttons hidden, title bar hidden
[2021.05.18-01.19.00:204][  0]LogSlate: Updating window title bar state: overlay mode, drag disabled, window buttons hidden, title bar hidden
[2021.05.18-01.19.00:219][  0]LogSlate: Updating window title bar state: overlay mode, drag disabled, window buttons hidden, title bar hidden
[2021.05.18-01.19.00:240][  0]LogCollectionManager: Loaded 0 collections in 0.002945 seconds
[2021.05.18-01.19.00:323][  0]LogFileCache: Scanning file cache for directory 'C:/Users/Myles/OneDrive/Documents/Unreal Projects/MarbleRun/Saved/Collections/' took 0.01s
[2021.05.18-01.19.00:323][  0]LogFileCache: Scanning file cache for directory 'C:/Users/Myles/OneDrive/Documents/Unreal Projects/MarbleRun/Content/Developers/Myles/Collections/' took 0.01s
[2021.05.18-01.19.00:323][  0]LogFileCache: Scanning file cache for directory 'C:/Users/Myles/OneDrive/Documents/Unreal Projects/MarbleRun/Content/Collections/' took 0.01s
[2021.05.18-01.19.00:323][  0]LogCollectionManager: Rebuilt the GUID cache for 0 collections in 0.000001 seconds
[2021.05.18-01.19.00:341][  0]LogContentBrowser: Native class hierarchy populated in 0.0153 seconds. Added 2572 classes and 603 folders.
[2021.05.18-01.19.00:367][  0]LogContentBrowser: Native class hierarchy updated for 'WidgetCarousel' in 0.0005 seconds. Added 0 classes and 0 folders.
[2021.05.18-01.19.00:611][  0]LogContentBrowser: Native class hierarchy updated for 'AddContentDialog' in 0.0009 seconds. Added 0 classes and 0 folders.
[2021.05.18-01.19.00:640][  0]LogContentBrowser: Native class hierarchy updated for 'SceneOutliner' in 0.0009 seconds. Added 1 classes and 2 folders.
[2021.05.18-01.19.00:763][  0]LogSlate: Took 0.000277 seconds to synchronously load lazily loaded font '../../../Engine/Content/Slate/Fonts/Roboto-Regular.ttf' (155K)
[2021.05.18-01.19.00:767][  0]LogSlate: Took 0.000408 seconds to synchronously load lazily loaded font '../../../Engine/Content/Slate/Fonts/Roboto-Bold.ttf' (160K)
[2021.05.18-01.19.00:785][  0]LogSlate: Took 0.003063 seconds to synchronously load lazily loaded font '../../../Engine/Content/Editor/Slate/Fonts/FontAwesome.ttf' (139K)
[2021.05.18-01.19.00:955][  0]LogRenderer: Reallocating scene render targets to support 1208x628 Format 10 NumSamples 1 (Frame:1).
[2021.05.18-01.19.01:369][  0]LogSlate: FSceneViewport::OnFocusLost() reason 2
[2021.05.18-01.19.01:413][  0]LogSlate: Window 'Tutorials' being destroyed
[2021.05.18-01.19.01:455][  0]LogContentBrowser: Native class hierarchy updated for 'HierarchicalLODOutliner' in 0.0005 seconds. Added 0 classes and 0 folders.
[2021.05.18-01.19.01:455][  0]LogLoad: (Engine Initialization) Total time: 18.69 seconds
[2021.05.18-01.19.01:455][  0]LogLoad: (Engine Initialization) Total Blueprint compile time: 0.00 seconds
[2021.05.18-01.19.01:507][  0]LogContentStreaming: Texture pool size now 1000 MB
[2021.05.18-01.19.01:545][  0]LogSlate: Took 0.001760 seconds to synchronously load lazily loaded font '../../../Engine/Content/Slate/Fonts/Roboto-Light.ttf' (167K)
[2021.05.18-01.19.01:575][  1]LogAssetRegistry: Asset discovery search completed in 10.9409 seconds
[2021.05.18-01.19.01:577][  1]LogCollectionManager: Rebuilt the object cache for 0 collections in 0.000000 seconds (found 0 objects)
[2021.05.18-01.19.01:577][  1]LogCollectionManager: Fixed up redirectors for 0 collections in 0.000090 seconds (updated 0 objects)
[2021.05.18-01.19.07:583][343]LogSlate: FSceneViewport::OnFocusLost() reason 0
[2021.05.18-01.19.07:761][352]LogSlate: Took 0.000331 seconds to synchronously load lazily loaded font '../../../Engine/Content/Slate/Fonts/Roboto-Light.ttf' (167K)
[2021.05.18-01.19.07:838][352]LogAIModule: Creating AISystem for world Level1
[2021.05.18-01.19.07:849][352]LogAssetEditorManager: Opening Asset editor for World /Game/Level1.Level1
[2021.05.18-01.19.07:879][352]Cmd: MAP LOAD FILE="../../../../../../Users/Myles/OneDrive/Documents/Unreal Projects/MarbleRun/Content/Level1.umap" TEMPLATE=0 SHOWPROGRESS=1 FEATURELEVEL=3
[2021.05.18-01.19.07:879][352]LightingResults: New page: Lighting Build
[2021.05.18-01.19.07:880][352]LoadErrors: New page: Loading map: Level1.umap
[2021.05.18-01.19.07:884][352]MapCheck: New page: Map Check
[2021.05.18-01.19.07:884][352]LightingResults: New page: Lighting Build
[2021.05.18-01.19.07:917][352]LogEditorServer: Finished looking for orphan Actors (0.000 secs)
[2021.05.18-01.19.07:967][352]Cmd: MAP CHECKDEP NOCLEARLOG
[2021.05.18-01.19.08:234][352]MapCheck: Map check complete: 0 Error(s), 0 Warning(s), took 266.786ms to complete.
[2021.05.18-01.19.08:237][352]LogFileHelpers: Loading map 'Level1' took 0.361
[2021.05.18-01.19.27:760][508]LogSlate: FSceneViewport::OnFocusLost() reason 0
[2021.05.18-01.19.27:826][512]LogTemp: Repeating last play command: Selected Viewport
[2021.05.18-01.19.27:844][512]LogPlayLevel: PlayLevel: No blueprints needed recompiling
[2021.05.18-01.19.27:861][512]PIE: New page: PIE session: Level1 (May 17, 2021, 11:19:27 AM)
[2021.05.18-01.19.27:862][512]LogPlayLevel: Creating play world package: /Game/UEDPIE_0_Level1
[2021.05.18-01.19.27:869][512]LogPlayLevel: PIE: StaticDuplicateObject took: (0.006841s)
[2021.05.18-01.19.27:869][512]LogAIModule: Creating AISystem for world Level1
[2021.05.18-01.19.27:870][512]LogPlayLevel: PIE: World Init took: (0.001116s)
[2021.05.18-01.19.27:870][512]LogPlayLevel: PIE: Created PIE world by copying editor world from /Game/Level1.Level1 to /Game/UEDPIE_0_Level1.Level1 (0.008544s)
[2021.05.18-01.19.27:911][512]LogInit: XAudio2 using 'Speakers (2- USB Audio Device)' : 2 channels at 48 kHz using 16 bits per sample (channel mask 0x3)
[2021.05.18-01.19.27:923][512]LogInit: FAudioDevice initialized.
[2021.05.18-01.19.27:977][512]LogLoad: Game class is 'GameModeBase'
[2021.05.18-01.19.27:988][512]LogWorld: Bringing World /Game/UEDPIE_0_Level1.Level1 up for play (max tick rate 60) at 2021.05.17-18.19.27
[2021.05.18-01.19.27:990][512]LogWorld: Bringing up level for play took: 0.002720
[2021.05.18-01.19.28:026][512]LogContentBrowser: Native class hierarchy updated for 'MovieSceneCapture' in 0.0004 seconds. Added 10 classes and 0 folders.
[2021.05.18-01.19.28:036][512]PIE: Play in editor start time for /Game/UEDPIE_0_Level1 0.03
[2021.05.18-01.19.40:391][249]LogSlate: Updating window title bar state: overlay mode, drag disabled, window buttons hidden, title bar hidden
[2021.05.18-01.19.40:432][249]LogPlayLevel: Display: Shutting down PIE online subsystems
[2021.05.18-01.19.40:459][249]LogSlate: Updating window title bar state: overlay mode, drag disabled, window buttons hidden, title bar hidden
[2021.05.18-01.19.40:492][250]LogPlayLevel: Display: Destroying online subsystem :Context_1
[2021.05.18-01.20.04:512][914]LogSlate: FSceneViewport::OnFocusLost() reason 0
[2021.05.18-02.47.46:730][483]LogSlate: Window 'MarbleRun - Unreal Editor' being destroyed
[2021.05.18-02.47.46:732][483]LogWindowsTextInputMethodSystem: Display: IME system now deactivated.
[2021.05.18-02.47.46:964][484]Cmd: QUIT_EDITOR
[2021.05.18-02.47.47:616][484]LogExit: Preparing to exit.
[2021.05.18-02.47.48:726][484]LogExit: Editor shut down
[2021.05.18-02.47.48:728][484]LogExit: Transaction tracking system shut down
[2021.05.18-02.47.49:346][484]LogExit: Object subsystem successfully closed.
[2021.05.18-02.47.49:385][484]LogShaderCompilers: Display: Shaders left to compile 0
[2021.05.18-02.47.49:391][484]LogD3D11RHI: Shutdown
[2021.05.18-02.47.49:391][484]LogD3D11RHI: CleanupD3DDevice
[2021.05.18-02.47.49:396][484]LogD3D11RHI: ~FD3D11DynamicRHI
[2021.05.18-02.47.49:479][484]LogModuleManager: Shutting down and abandoning module MovieSceneCapture (614)
[2021.05.18-02.47.49:479][484]LogModuleManager: Shutting down and abandoning module Voice (612)
[2021.05.18-02.47.49:480][484]LogModuleManager: Shutting down and abandoning module HierarchicalLODOutliner (610)
[2021.05.18-02.47.49:480][484]LogModuleManager: Shutting down and abandoning module SceneOutliner (608)
[2021.05.18-02.47.49:480][484]LogModuleManager: Shutting down and abandoning module AddContentDialog (606)
[2021.05.18-02.47.49:481][484]LogModuleManager: Shutting down and abandoning module WidgetCarousel (605)
[2021.05.18-02.47.49:481][484]LogModuleManager: Shutting down and abandoning module EditorWidgets (602)
[2021.05.18-02.47.49:481][484]LogModuleManager: Shutting down and abandoning module CollectionManager (600)
[2021.05.18-02.47.49:482][484]LogModuleManager: Shutting down and abandoning module StatsViewer (598)
[2021.05.18-02.47.49:482][484]LogModuleManager: Shutting down and abandoning module FoliageEdit (596)
[2021.05.18-02.47.49:483][484]LogModuleManager: Shutting down and abandoning module LandscapeEditor (594)
[2021.05.18-02.47.49:485][484]LogModuleManager: Shutting down and abandoning module MeshPaintMode (592)
[2021.05.18-02.47.49:485][484]LogModuleManager: Shutting down and abandoning module SceneDepthPickerMode (590)
[2021.05.18-02.47.49:485][484]LogModuleManager: Shutting down and abandoning module ActorPickerMode (588)
[2021.05.18-02.47.49:485][484]LogModuleManager: Shutting down and abandoning module GeometryMode (586)
[2021.05.18-02.47.49:485][484]LogModuleManager: Shutting down and abandoning module TextureAlignMode (584)
[2021.05.18-02.47.49:485][484]LogModuleManager: Shutting down and abandoning module BspMode (582)
[2021.05.18-02.47.49:485][484]LogModuleManager: Shutting down and abandoning module PIEPreviewDeviceProfileSelector (580)
[2021.05.18-02.47.49:486][484]LogModuleManager: Shutting down and abandoning module SequenceRecorderSections (578)
[2021.05.18-02.47.49:487][484]LogModuleManager: Shutting down and abandoning module AutomationWorker (576)
[2021.05.18-02.47.49:487][484]LogModuleManager: Shutting down and abandoning module AudioCaptureEditor (574)
[2021.05.18-02.47.49:487][484]LogModuleManager: Shutting down and abandoning module SequenceRecorder (573)
[2021.05.18-02.47.49:487][484]LogModuleManager: Shutting down and abandoning module MatineeToLevelSequence (570)
[2021.05.18-02.47.49:488][484]LogModuleManager: Shutting down and abandoning module LevelSequenceEditor (568)
[2021.05.18-02.47.49:490][484]LogModuleManager: Shutting down and abandoning module PlacementMode (567)
[2021.05.18-02.47.49:490][484]LogModuleManager: Shutting down and abandoning module MaterialEditor (566)
[2021.05.18-02.47.49:492][484]LogModuleManager: Shutting down and abandoning module WmfMediaFactory (562)
[2021.05.18-02.47.49:492][484]LogModuleManager: Shutting down and abandoning module WmfMediaEditor (560)
[2021.05.18-02.47.49:492][484]LogModuleManager: Shutting down and abandoning module MediaPlayerEditor (558)
[2021.05.18-02.47.49:493][484]LogModuleManager: Shutting down and abandoning module OpenExrWrapper (556)
[2021.05.18-02.47.49:493][484]LogModuleManager: Shutting down and abandoning module ImgMediaFactory (554)
[2021.05.18-02.47.49:493][484]LogModuleManager: Shutting down and abandoning module ImgMediaEditor (552)
[2021.05.18-02.47.49:494][484]LogModuleManager: Shutting down and abandoning module AvfMediaFactory (550)
[2021.05.18-02.47.49:494][484]LogModuleManager: Shutting down and abandoning module AvfMediaEditor (548)
[2021.05.18-02.47.49:494][484]LogModuleManager: Shutting down and abandoning module AndroidMediaFactory (546)
[2021.05.18-02.47.49:494][484]LogModuleManager: Shutting down and abandoning module AndroidMediaEditor (544)
[2021.05.18-02.47.49:494][484]LogModuleManager: Shutting down and abandoning module MagicLeapCameraPreviewFactory (542)
[2021.05.18-02.47.49:494][484]LogModuleManager: Shutting down and abandoning module MagicLeapMediaFactory (540)
[2021.05.18-02.47.49:494][484]LogModuleManager: Shutting down and abandoning module MagicLeapMediaEditor (538)
[2021.05.18-02.47.49:494][484]LogModuleManager: Shutting down and abandoning module CharacterAI (536)
[2021.05.18-02.47.49:494][484]LogModuleManager: Shutting down and abandoning module SmartSnapping (534)
[2021.05.18-02.47.49:494][484]LogModuleManager: Shutting down and abandoning module SessionServices (532)
[2021.05.18-02.47.49:494][484]LogModuleManager: Shutting down and abandoning module ViewportSnapping (530)
[2021.05.18-02.47.49:494][484]LogModuleManager: Shutting down and abandoning module ViewportInteraction (528)
[2021.05.18-02.47.49:494][484]LogModuleManager: Shutting down and abandoning module ClothPainter (526)
[2021.05.18-02.47.49:495][484]LogModuleManager: Shutting down and abandoning module SkeletalMeshEditor (525)
[2021.05.18-02.47.49:497][484]LogModuleManager: Shutting down and abandoning module LogVisualizer (522)
[2021.05.18-02.47.49:499][484]LogModuleManager: Shutting down and abandoning module IntroTutorials (520)
[2021.05.18-02.47.49:500][484]LogModuleManager: Shutting down and abandoning module GameProjectGeneration (519)
[2021.05.18-02.47.49:501][484]LogModuleManager: Shutting down and abandoning module LuminPlatformEditor (516)
[2021.05.18-02.47.49:501][484]LogModuleManager: Shutting down and abandoning module IOSPlatformEditor (514)
[2021.05.18-02.47.49:501][484]LogModuleManager: Shutting down and abandoning module HTML5PlatformEditor (512)
[2021.05.18-02.47.49:501][484]LogModuleManager: Shutting down and abandoning module AndroidPlatformEditor (510)
[2021.05.18-02.47.49:501][484]LogModuleManager: Shutting down and abandoning module AndroidDeviceDetection (509)
[2021.05.18-02.47.50:251][484]LogModuleManager: Shutting down and abandoning module WindowsPlatformEditor (506)
[2021.05.18-02.47.50:252][484]LogModuleManager: Shutting down and abandoning module LuminRuntimeSettings (504)
[2021.05.18-02.47.50:252][484]LogModuleManager: Shutting down and abandoning module IOSRuntimeSettings (502)
[2021.05.18-02.47.50:252][484]LogModuleManager: Shutting down and abandoning module AndroidRuntimeSettings (500)
[2021.05.18-02.47.50:252][484]LogModuleManager: Shutting down and abandoning module InputBindingEditor (498)
[2021.05.18-02.47.50:255][484]LogModuleManager: Shutting down and abandoning module MergeActors (496)
[2021.05.18-02.47.50:256][484]LogModuleManager: Shutting down and abandoning module LocalizationDashboard (494)
[2021.05.18-02.47.50:257][484]LogModuleManager: Shutting down and abandoning module LocalizationService (493)
[2021.05.18-02.47.50:257][484]LogModuleManager: Shutting down and abandoning module HardwareTargeting (490)
[2021.05.18-02.47.50:258][484]LogModuleManager: Shutting down and abandoning module DeviceProfileEditor (488)
[2021.05.18-02.47.50:258][484]LogModuleManager: Shutting down and abandoning module UndoHistory (486)
[2021.05.18-02.47.50:258][484]LogModuleManager: Shutting down and abandoning module XmlParser (484)
[2021.05.18-02.47.50:258][484]LogModuleManager: Shutting down and abandoning module Blutility (482)
[2021.05.18-02.47.50:259][484]LogModuleManager: Shutting down and abandoning module ProjectSettingsViewer (480)
[2021.05.18-02.47.50:259][484]LogModuleManager: Shutting down and abandoning module ProjectTargetPlatformEditor (479)
[2021.05.18-02.47.50:259][484]LogModuleManager: Shutting down and abandoning module EditorSettingsViewer (476)
[2021.05.18-02.47.50:259][484]LogModuleManager: Shutting down and abandoning module SettingsEditor (474)
[2021.05.18-02.47.50:261][484]LogModuleManager: Shutting down and abandoning module ProjectLauncher (472)
[2021.05.18-02.47.50:261][484]LogModuleManager: Shutting down and abandoning module SessionFrontend (470)
[2021.05.18-02.47.50:262][484]LogModuleManager: Shutting down and abandoning module ProfilerClient (468)
[2021.05.18-02.47.50:263][484]LogModuleManager: Shutting down and abandoning module DeviceManager (466)
[2021.05.18-02.47.50:263][484]LogModuleManager: Shutting down and abandoning module TargetDeviceServices (465)
[2021.05.18-02.47.50:318][484]LogModuleManager: Shutting down and abandoning module AutomationController (462)
[2021.05.18-02.47.50:319][484]LogModuleManager: Shutting down and abandoning module AutomationWindow (460)
[2021.05.18-02.47.50:321][484]LogModuleManager: Shutting down and abandoning module Layers (458)
[2021.05.18-02.47.50:324][484]LogModuleManager: Shutting down and abandoning module ComponentVisualizers (456)
[2021.05.18-02.47.50:324][484]LogModuleManager: Shutting down and abandoning module DetailCustomizations (454)
[2021.05.18-02.47.50:325][484]LogModuleManager: Shutting down and abandoning module PackagesDialog (452)
[2021.05.18-02.47.50:326][484]LogModuleManager: Shutting down and abandoning module Persona (450)
[2021.05.18-02.47.50:328][484]LogModuleManager: Shutting down and abandoning module AdvancedPreviewScene (449)
[2021.05.18-02.47.50:328][484]LogModuleManager: Shutting down and abandoning module AnimGraph (447)
[2021.05.18-02.47.50:328][484]LogModuleManager: Shutting down and abandoning module Kismet (444)
[2021.05.18-02.47.50:330][484]LogModuleManager: Shutting down and abandoning module GraphEditor (442)
[2021.05.18-02.47.50:333][484]LogModuleManager: Shutting down and abandoning module ClassViewer (440)
[2021.05.18-02.47.50:333][484]LogModuleManager: Shutting down and abandoning module Toolbox (438)
[2021.05.18-02.47.50:333][484]LogModuleManager: Shutting down and abandoning module ModuleUI (436)
[2021.05.18-02.47.50:333][484]LogModuleManager: Shutting down and abandoning module MovieSceneTools (434)
[2021.05.18-02.47.50:335][484]LogModuleManager: Shutting down and abandoning module OutputLog (432)
[2021.05.18-02.47.50:335][484]LogModuleManager: Shutting down and abandoning module GammaUI (430)
[2021.05.18-02.47.50:335][484]LogModuleManager: Shutting down and abandoning module Documentation (428)
[2021.05.18-02.47.50:335][484]LogModuleManager: Shutting down and abandoning module MovieSceneTracks (426)
[2021.05.18-02.47.50:335][484]LogModuleManager: Shutting down and abandoning module MovieScene (424)
[2021.05.18-02.47.50:336][484]LogModuleManager: Shutting down and abandoning module StreamingPauseRendering (422)
[2021.05.18-02.47.50:337][484]LogModuleManager: Shutting down and abandoning module LauncherPlatform (420)
[2021.05.18-02.47.50:337][484]LogModuleManager: Shutting down and abandoning module AnalyticsET (418)
[2021.05.18-02.47.50:337][484]LogModuleManager: Shutting down and abandoning module PortalServices (416)
[2021.05.18-02.47.50:337][484]LogModuleManager: Shutting down and abandoning module PortalRpc (414)
[2021.05.18-02.47.50:337][484]LogModuleManager: Shutting down and abandoning module MessagingRpc (412)
[2021.05.18-02.47.50:337][484]LogModuleManager: Shutting down and abandoning module AIModule (410)
[2021.05.18-02.47.50:338][484]LogModuleManager: Shutting down and abandoning module GameplayDebugger (409)
[2021.05.18-02.47.50:339][484]LogModuleManager: Shutting down and abandoning module AITestSuite (407)
[2021.05.18-02.47.50:339][484]LogModuleManager: Shutting down and abandoning module NavigationSystem (405)
[2021.05.18-02.47.50:339][484]LogModuleManager: Shutting down and abandoning module DesktopPlatform (402)
[2021.05.18-02.47.50:339][484]LogModuleManager: Shutting down and abandoning module ProfilerService (400)
[2021.05.18-02.47.50:530][484]LogModuleManager: Shutting down and abandoning module TaskGraph (398)
[2021.05.18-02.47.50:531][484]LogModuleManager: Shutting down and abandoning module SteamVRController (396)
[2021.05.18-02.47.50:531][484]LogModuleManager: Shutting down and abandoning module ProceduralMeshComponentEditor (394)
[2021.05.18-02.47.50:531][484]LogModuleManager: Shutting down and abandoning module ProceduralMeshComponent (392)
[2021.05.18-02.47.50:532][484]LogModuleManager: Shutting down and abandoning module OculusInput (390)
[2021.05.18-02.47.50:532][484]LogModuleManager: Shutting down and abandoning module MobilePatchingUtils (388)
[2021.05.18-02.47.50:532][484]LogModuleManager: Shutting down and abandoning module EditableMesh (386)
[2021.05.18-02.47.50:532][484]LogModuleManager: Shutting down and abandoning module CustomMeshComponent (384)
[2021.05.18-02.47.50:532][484]LogModuleManager: Shutting down and abandoning module CableComponent (382)
[2021.05.18-02.47.50:532][484]LogModuleManager: Shutting down and abandoning module AudioCapture (380)
[2021.05.18-02.47.50:532][484]LogModuleManager: Shutting down and abandoning module ArchVisCharacter (378)
[2021.05.18-02.47.50:532][484]LogModuleManager: Shutting down and abandoning module AndroidPermission (376)
[2021.05.18-02.47.50:532][484]LogModuleManager: Shutting down and abandoning module NUTUnrealEngine4 (374)
[2021.05.18-02.47.50:532][484]LogModuleManager: Shutting down and abandoning module NetcodeUnitTest (372)
[2021.05.18-02.47.50:535][484]LogModuleManager: Shutting down and abandoning module MediaCompositingEditor (370)
[2021.05.18-02.47.50:535][484]LogModuleManager: Shutting down and abandoning module MediaCompositing (368)
[2021.05.18-02.47.50:535][484]LogModuleManager: Shutting down and abandoning module LinearTimecode (366)
[2021.05.18-02.47.50:535][484]LogModuleManager: Shutting down and abandoning module ImgMedia (364)
[2021.05.18-02.47.50:542][484]LogModuleManager: Shutting down and abandoning module HTML5Networking (362)
[2021.05.18-02.47.50:542][484]LogModuleManager: Shutting down and abandoning module GeometryCacheTracks (360)
[2021.05.18-02.47.50:542][484]LogModuleManager: Shutting down and abandoning module GeometryCacheSequencer (358)
[2021.05.18-02.47.50:542][484]LogModuleManager: Shutting down and abandoning module BackChannel (356)
[2021.05.18-02.47.50:543][484]LogModuleManager: Shutting down and abandoning module AppleVision (354)
[2021.05.18-02.47.50:544][484]LogModuleManager: Shutting down and abandoning module AppleImageUtils (352)
[2021.05.18-02.47.50:544][484]LogModuleManager: Shutting down and abandoning module AlembicImporter (350)
[2021.05.18-02.47.50:544][484]LogModuleManager: Shutting down and abandoning module AlembicLibrary (349)
[2021.05.18-02.47.50:544][484]LogModuleManager: Shutting down and abandoning module GeometryCache (348)
[2021.05.18-02.47.50:544][484]LogModuleManager: Shutting down and abandoning module GeometryCacheEd (347)
[2021.05.18-02.47.50:544][484]LogModuleManager: Shutting down and abandoning module DatasmithContentEditor (342)
[2021.05.18-02.47.50:544][484]LogModuleManager: Shutting down and abandoning module DatasmithContent (340)
[2021.05.18-02.47.50:545][484]LogModuleManager: Shutting down and abandoning module SpeedTreeImporter (338)
[2021.05.18-02.47.50:545][484]LogModuleManager: Shutting down and abandoning module PluginBrowser (336)
[2021.05.18-02.47.50:548][484]LogModuleManager: Shutting down and abandoning module MobileLauncherProfileWizard (334)
[2021.05.18-02.47.50:548][484]LogModuleManager: Shutting down and abandoning module PolygonModeling (332)
[2021.05.18-02.47.50:548][484]LogModuleManager: Shutting down and abandoning module MeshEditor (330)
[2021.05.18-02.47.50:549][484]LogModuleManager: Shutting down and abandoning module CryptoKeysOpenSSL (328)
[2021.05.18-02.47.50:549][484]LogModuleManager: Shutting down and abandoning module CryptoKeys (326)
[2021.05.18-02.47.50:549][484]LogModuleManager: Shutting down and abandoning module VisualStudioSourceCodeAccess (324)
[2021.05.18-02.47.50:549][484]LogModuleManager: Shutting down and abandoning module VisualStudioCodeSourceCodeAccess (322)
[2021.05.18-02.47.50:549][484]LogModuleManager: Shutting down and abandoning module UObjectPlugin (320)
[2021.05.18-02.47.50:549][484]LogModuleManager: Shutting down and abandoning module SubversionSourceControl (318)
[2021.05.18-02.47.50:550][484]LogModuleManager: Shutting down and abandoning module PerforceSourceControl (316)
[2021.05.18-02.47.50:551][484]LogModuleManager: Shutting down and abandoning module GitSourceControl (314)
[2021.05.18-02.47.50:553][484]LogModuleManager: Shutting down and abandoning module SourceControl (313)
[2021.05.18-02.47.50:553][484]LogModuleManager: Shutting down and abandoning module CLionSourceCodeAccess (310)
[2021.05.18-02.47.50:553][484]LogModuleManager: Shutting down and abandoning module LightPropagationVolumeEditor (308)
[2021.05.18-02.47.50:553][484]LogModuleManager: Shutting down and abandoning module PaperTiledImporter (306)
[2021.05.18-02.47.50:553][484]LogModuleManager: Shutting down and abandoning module PaperSpriteSheetImporter (304)
[2021.05.18-02.47.50:554][484]LogModuleManager: Shutting down and abandoning module Paper2DEditor (302)
[2021.05.18-02.47.50:555][484]LogModuleManager: Shutting down and abandoning module MeshPaint (301)
[2021.05.18-02.47.50:555][484]LogModuleManager: Shutting down and abandoning module RuntimePhysXCooking (298)
[2021.05.18-02.47.50:555][484]LogModuleManager: Shutting down and abandoning module PhysXVehiclesEditor (296)
[2021.05.18-02.47.50:555][484]LogModuleManager: Shutting down and abandoning module PhysXVehicles (294)
[2021.05.18-02.47.50:555][484]LogModuleManager: Shutting down and abandoning module OculusEditor (292)
[2021.05.18-02.47.50:556][484]LogModuleManager: Shutting down and abandoning module LocationServicesBPLibrary (290)
[2021.05.18-02.47.50:556][484]LogModuleManager: Shutting down and abandoning module ImmediatePhysicsEditor (288)
[2021.05.18-02.47.50:556][484]LogModuleManager: Shutting down and abandoning module ImmediatePhysics (286)
[2021.05.18-02.47.50:556][484]LogModuleManager: Shutting down and abandoning module ActorSequence (284)
[2021.05.18-02.47.50:556][484]LogModuleManager: Shutting down and abandoning module UdpMessaging (282)
[2021.05.18-02.47.50:657][484]LogModuleManager: Shutting down and abandoning module TcpMessaging (280)
[2021.05.18-02.47.50:758][484]LogModuleManager: Shutting down and abandoning module MagicLeapAudio (278)
[2021.05.18-02.47.50:758][484]LogModuleManager: Shutting down and abandoning module GameplayTagsEditor (276)
[2021.05.18-02.47.50:758][484]LogModuleManager: Shutting down and abandoning module FacialAnimationEditor (274)
[2021.05.18-02.47.50:758][484]LogModuleManager: Shutting down and abandoning module FacialAnimation (272)
[2021.05.18-02.47.50:758][484]LogModuleManager: Shutting down and abandoning module DataValidation (270)
[2021.05.18-02.47.50:759][484]LogModuleManager: Shutting down and abandoning module AssetManagerEditor (268)
[2021.05.18-02.47.50:760][484]LogModuleManager: Shutting down and abandoning module LevelEditor (267)
[2021.05.18-02.47.50:762][484]LogModuleManager: Shutting down and abandoning module PixelInspectorModule (266)
[2021.05.18-02.47.50:763][484]LogModuleManager: Shutting down and abandoning module CommonMenuExtensions (264)
[2021.05.18-02.47.50:763][484]LogModuleManager: Shutting down and abandoning module MainFrame (262)
[2021.05.18-02.47.50:763][484]LogModuleManager: Shutting down and abandoning module HotReload (261)
[2021.05.18-02.47.50:764][484]LogModuleManager: Shutting down and abandoning module ContentBrowser (257)
[2021.05.18-02.47.50:765][484]LogModuleManager: Shutting down and abandoning module TreeMap (255)
[2021.05.18-02.47.50:765][484]LogModuleManager: Shutting down and abandoning module LightPropagationVolumeRuntime (252)
[2021.05.18-02.47.50:765][484]LogModuleManager: Shutting down and abandoning module AISupportModule (250)
[2021.05.18-02.47.50:765][484]LogModuleManager: Shutting down and abandoning module Paper2D (248)
[2021.05.18-02.47.50:766][484]LogModuleManager: Shutting down and abandoning module WindowsMoviePlayer (246)
[2021.05.18-02.47.50:767][484]LogModuleManager: Shutting down and abandoning module WmfMedia (244)
[2021.05.18-02.47.50:769][484]LogModuleManager: Shutting down and abandoning module Media (243)
[2021.05.18-02.47.50:775][484]LogModuleManager: Shutting down and abandoning module PacketHandler (240)
[2021.05.18-02.47.50:775][484]LogModuleManager: Shutting down and abandoning module ClothingSystemEditor (238)
[2021.05.18-02.47.50:775][484]LogModuleManager: Shutting down and abandoning module ClothingSystemRuntime (236)
[2021.05.18-02.47.50:776][484]LogModuleManager: Shutting down and abandoning module MediaAssets (234)
[2021.05.18-02.47.50:776][484]LogModuleManager: Shutting down and abandoning module Overlay (232)
[2021.05.18-02.47.50:776][484]LogModuleManager: Shutting down and abandoning module OverlayEditor (231)
[2021.05.18-02.47.50:777][484]LogModuleManager: Shutting down and abandoning module VREditor (228)
[2021.05.18-02.47.50:777][484]LogModuleManager: Shutting down and abandoning module StringTableEditor (226)
[2021.05.18-02.47.50:778][484]LogModuleManager: Shutting down and abandoning module GameplayTasksEditor (224)
[2021.05.18-02.47.50:778][484]LogModuleManager: Shutting down and abandoning module BehaviorTreeEditor (222)
[2021.05.18-02.47.50:780][484]LogModuleManager: Shutting down and abandoning module FunctionalTesting (220)
[2021.05.18-02.47.50:781][484]LogModuleManager: Shutting down and abandoning module CollisionAnalyzer (218)
[2021.05.18-02.47.50:782][484]LogModuleManager: Shutting down and abandoning module WorkspaceMenuStructure (217)
[2021.05.18-02.47.50:782][484]LogModuleManager: Shutting down and abandoning module UMG (214)
[2021.05.18-02.47.50:782][484]LogModuleManager: Shutting down and abandoning module UMGEditor (213)
[2021.05.18-02.47.50:784][484]LogModuleManager: Shutting down and abandoning module Sequencer (212)
[2021.05.18-02.47.50:787][484]LogModuleManager: Shutting down and abandoning module MessageLog (209)
[2021.05.18-02.47.50:787][484]LogModuleManager: Shutting down and abandoning module SlateReflector (204)
[2021.05.18-02.47.50:789][484]LogModuleManager: Shutting down and abandoning module Slate (202)
[2021.05.18-02.47.50:789][484]LogModuleManager: Shutting down and abandoning module EditorStyle (200)
[2021.05.18-02.47.50:792][484]LogModuleManager: Shutting down and abandoning module MRMesh (198)
[2021.05.18-02.47.50:792][484]LogModuleManager: Shutting down and abandoning module SourceCodeAccess (196)
[2021.05.18-02.47.50:792][484]LogModuleManager: Shutting down and abandoning module HeadMountedDisplay (194)
[2021.05.18-02.47.50:792][484]LogModuleManager: Shutting down and abandoning module XAudio2 (192)
[2021.05.18-02.47.50:792][484]LogModuleManager: Shutting down and abandoning module Networking (190)
[2021.05.18-02.47.50:792][484]LogModuleManager: Shutting down and abandoning module Core (188)
[2021.05.18-02.47.50:792][484]LogModuleManager: Shutting down and abandoning module LevelSequence (186)
[2021.05.18-02.47.50:792][484]LogModuleManager: Shutting down and abandoning module KismetCompiler (184)
[2021.05.18-02.47.50:792][484]LogModuleManager: Shutting down and abandoning module MeshUtilities (182)
[2021.05.18-02.47.50:793][484]LogModuleManager: Shutting down and abandoning module MeshMergeUtilities (181)
[2021.05.18-02.47.50:794][484]LogModuleManager: Shutting down and abandoning module MeshReductionInterface (180)
[2021.05.18-02.47.50:794][484]LogModuleManager: Shutting down and abandoning module SimplygonSwarm (179)
[2021.05.18-02.47.50:794][484]LogModuleManager: Shutting down and abandoning module ProxyLODMeshReduction (177)
[2021.05.18-02.47.50:795][484]LogModuleManager: Shutting down and abandoning module SimplygonMeshReduction (175)
[2021.05.18-02.47.50:795][484]LogModuleManager: Shutting down and abandoning module QuadricMeshReduction (173)
[2021.05.18-02.47.50:796][484]LogModuleManager: Shutting down and abandoning module MaterialBaking (169)
[2021.05.18-02.47.50:797][484]LogModuleManager: Shutting down and abandoning module DirectoryWatcher (165)
[2021.05.18-02.47.50:797][484]LogModuleManager: Shutting down and abandoning module DerivedDataCache (162)
[2021.05.18-02.47.50:828][484]LogDerivedDataCache: Shutdown
[2021.05.18-02.47.50:828][484]LogModuleManager: Shutting down and abandoning module XGEController (160)
[2021.05.18-02.47.50:828][484]LogModuleManager: Shutting down and abandoning module TargetPlatform (158)
[2021.05.18-02.47.50:828][484]LogModuleManager: Shutting down and abandoning module VulkanShaderFormat (157)
[2021.05.18-02.47.50:829][484]LogModuleManager: Shutting down and abandoning module ShaderFormatVectorVM (155)
[2021.05.18-02.47.50:829][484]LogModuleManager: Shutting down and abandoning module ShaderFormatOpenGL (153)
[2021.05.18-02.47.50:830][484]LogModuleManager: Shutting down and abandoning module ShaderFormatD3D (151)
[2021.05.18-02.47.50:830][484]LogModuleManager: Shutting down and abandoning module MetalShaderFormat (149)
[2021.05.18-02.47.50:831][484]LogModuleManager: Shutting down and abandoning module TextureFormatUncompressed (147)
[2021.05.18-02.47.50:831][484]LogModuleManager: Shutting down and abandoning module TextureFormatPVR (145)
[2021.05.18-02.47.50:831][484]LogModuleManager: Shutting down and abandoning module TextureFormatDXT (143)
[2021.05.18-02.47.50:831][484]LogModuleManager: Shutting down and abandoning module TextureFormatIntelISPCTexComp (141)
[2021.05.18-02.47.50:832][484]LogModuleManager: Shutting down and abandoning module TextureFormatASTC (139)
[2021.05.18-02.47.50:832][484]LogModuleManager: Shutting down and abandoning module ImageWrapper (138)
[2021.05.18-02.47.50:832][484]LogModuleManager: Shutting down and abandoning module TextureFormatAndroid (135)
[2021.05.18-02.47.50:832][484]LogModuleManager: Shutting down and abandoning module AudioFormatOpus (133)
[2021.05.18-02.47.50:832][484]LogModuleManager: Shutting down and abandoning module AudioFormatOgg (131)
[2021.05.18-02.47.50:832][484]LogModuleManager: Shutting down and abandoning module AudioFormatADPCM (129)
[2021.05.18-02.47.50:832][484]LogModuleManager: Shutting down and abandoning module LuminTargetPlatform (127)
[2021.05.18-02.47.50:832][484]LogModuleManager: Shutting down and abandoning module LinuxTargetPlatform (125)
[2021.05.18-02.47.50:832][484]LogModuleManager: Shutting down and abandoning module LinuxServerTargetPlatform (123)
[2021.05.18-02.47.50:832][484]LogModuleManager: Shutting down and abandoning module LinuxNoEditorTargetPlatform (121)
[2021.05.18-02.47.50:832][484]LogModuleManager: Shutting down and abandoning module LinuxClientTargetPlatform (119)
[2021.05.18-02.47.50:833][484]LogModuleManager: Shutting down and abandoning module TVOSTargetPlatform (117)
[2021.05.18-02.47.50:833][484]LogModuleManager: Shutting down and abandoning module Messaging (115)
[2021.05.18-02.47.50:833][484]LogModuleManager: Shutting down and abandoning module IOSTargetPlatform (113)
[2021.05.18-02.47.50:834][484]LogModuleManager: Shutting down and abandoning module HTML5TargetPlatform (111)
[2021.05.18-02.47.50:834][484]LogModuleManager: Shutting down and abandoning module AndroidTargetPlatform (109)
[2021.05.18-02.47.50:841][484]LogModuleManager: Shutting down and abandoning module WindowsTargetPlatform (107)
[2021.05.18-02.47.50:841][484]LogModuleManager: Shutting down and abandoning module WindowsServerTargetPlatform (105)
[2021.05.18-02.47.50:841][484]LogModuleManager: Shutting down and abandoning module WindowsNoEditorTargetPlatform (103)
[2021.05.18-02.47.50:841][484]LogModuleManager: Shutting down and abandoning module WindowsClientTargetPlatform (101)
[2021.05.18-02.47.50:841][484]LogModuleManager: Shutting down and abandoning module MacTargetPlatform (99)
[2021.05.18-02.47.50:841][484]LogModuleManager: Shutting down and abandoning module MacServerTargetPlatform (97)
[2021.05.18-02.47.50:841][484]LogModuleManager: Shutting down and abandoning module MacNoEditorTargetPlatform (95)
[2021.05.18-02.47.50:841][484]LogModuleManager: Shutting down and abandoning module MacClientTargetPlatform (93)
[2021.05.18-02.47.50:841][484]LogModuleManager: Shutting down and abandoning module AllDesktopTargetPlatform (91)
[2021.05.18-02.47.50:841][484]LogModuleManager: Shutting down and abandoning module InputCore (88)
[2021.05.18-02.47.50:841][484]LogModuleManager: Shutting down and abandoning module Settings (86)
[2021.05.18-02.47.50:841][484]LogModuleManager: Shutting down and abandoning module PhysXCooking (84)
[2021.05.18-02.47.50:841][484]LogModuleManager: Shutting down and abandoning module SteamVR (82)
[2021.05.18-02.47.50:841][484]LogModuleManager: Shutting down and abandoning module OculusHMD (80)
[2021.05.18-02.47.50:842][484]LogModuleManager: Shutting down and abandoning module ExampleDeviceProfileSelector (78)
[2021.05.18-02.47.50:842][484]LogModuleManager: Shutting down and abandoning module LauncherChunkInstaller (76)
[2021.05.18-02.47.50:842][484]LogModuleManager: Shutting down and abandoning module OnlineBlueprintSupport (74)
[2021.05.18-02.47.50:842][484]LogModuleManager: Shutting down and abandoning module OnlineSubsystem (70)
[2021.05.18-02.47.50:843][484]LogModuleManager: Shutting down and abandoning module XMPP (65)
[2021.05.18-02.47.50:845][484]LogModuleManager: Shutting down and abandoning module WebSockets (64)
[2021.05.18-02.47.50:860][484]LogModuleManager: Shutting down and abandoning module HTTP (61)
[2021.05.18-02.47.50:861][484]LogHttp: Display: Http module shutting down, but needs to wait on 1 outstanding Http requests:
[2021.05.18-02.47.50:861][484]LogHttp: Display: 	verb=[POST] url=[https://datarouter.ol.epicgames.com/datarouter/api/v1/public/data?SessionID=%7B4F11E174-49ED-BD8B-52E5-72A2896696E3%7D&AppID=UEEditor.Rocket.Release&AppVersion=4.20.3-4369336%2B%2B%2BUE4%2BRelease-4.20&UserID=1052eda44f08779a58bcc6a46bd394cf%7Cd70bc6a575304a64b21c65f17c4b9c21%7C3777e377-175f-4697-923d-8dad73724547&AppEnvironment=datacollector-binary&UploadType=eteventstream] status=Processing
[2021.05.18-02.47.50:897][484]LogModuleManager: Shutting down and abandoning module SSL (60)
[2021.05.18-02.47.50:899][484]LogModuleManager: Shutting down and abandoning module MagicLeapEmulator (56)
[2021.05.18-02.47.50:899][484]LogModuleManager: Shutting down and abandoning module MagicLeapPrivileges (54)
[2021.05.18-02.47.50:899][484]LogModuleManager: Shutting down and abandoning module MagicLeapIdentity (52)
[2021.05.18-02.47.50:899][484]LogModuleManager: Shutting down and abandoning module MagicLeapHelperVulkan (50)
[2021.05.18-02.47.50:899][484]LogModuleManager: Shutting down and abandoning module MagicLeapHelperOpenGL (48)
[2021.05.18-02.47.50:900][484]LogModuleManager: Shutting down and abandoning module MagicLeapSecureStorage (46)
[2021.05.18-02.47.50:900][484]LogModuleManager: Shutting down and abandoning module MagicLeapGestures (44)
[2021.05.18-02.47.50:900][484]LogModuleManager: Shutting down and abandoning module MagicLeapEyeTracker (42)
[2021.05.18-02.47.50:900][484]LogModuleManager: Shutting down and abandoning module MagicLeapController (40)
[2021.05.18-02.47.50:900][484]LogSlate: Slate User Destroyed.  User Index 0, Is Virtual User: 0
[2021.05.18-02.47.50:900][484]LogModuleManager: Shutting down and abandoning module MagicLeap (38)
[2021.05.18-02.47.50:900][484]LogModuleManager: Shutting down and abandoning module AnimationModifiers (36)
[2021.05.18-02.47.50:901][484]LogModuleManager: Shutting down and abandoning module PropertyEditor (35)
[2021.05.18-02.47.50:902][484]LogModuleManager: Shutting down and abandoning module AudioEditor (32)
[2021.05.18-02.47.50:904][484]LogModuleManager: Shutting down and abandoning module TextureCompressor (30)
[2021.05.18-02.47.50:906][484]LogModuleManager: Shutting down and abandoning module ShaderCore (28)
[2021.05.18-02.47.50:906][484]LogModuleManager: Shutting down and abandoning module Landscape (26)
[2021.05.18-02.47.50:906][484]LogModuleManager: Shutting down and abandoning module SlateRHIRenderer (24)
[2021.05.18-02.47.50:907][484]LogModuleManager: Shutting down and abandoning module OpenGLDrv (22)
[2021.05.18-02.47.50:908][484]LogModuleManager: Shutting down and abandoning module D3D11RHI (20)
[2021.05.18-02.47.50:908][484]LogModuleManager: Shutting down and abandoning module AnimGraphRuntime (18)
[2021.05.18-02.47.50:908][484]LogModuleManager: Shutting down and abandoning module Renderer (16)
[2021.05.18-02.47.50:908][484]LogModuleManager: Shutting down and abandoning module Engine (14)
[2021.05.18-02.47.50:908][484]LogModuleManager: Shutting down and abandoning module CoreUObject (12)
[2021.05.18-02.47.50:908][484]LogModuleManager: Shutting down and abandoning module NetworkFile (10)
[2021.05.18-02.47.50:909][484]LogModuleManager: Shutting down and abandoning module CookedIterativeFile (8)
[2021.05.18-02.47.50:909][484]LogModuleManager: Shutting down and abandoning module StreamingFile (6)
[2021.05.18-02.47.50:909][484]LogModuleManager: Shutting down and abandoning module SandboxFile (4)
[2021.05.18-02.47.50:909][484]LogModuleManager: Shutting down and abandoning module PakFile (2)
[2021.05.18-02.47.50:926][484]LogExit: Exiting.
[2021.05.18-02.47.50:929][484]Log file closed, 05/17/21 19:47:50
