Log file open, 06/02/21 19:55:37
LogWindows: Failed to load 'aqProf.dll' (GetLastError=126)
LogWindows: File 'aqProf.dll' does not exist
LogWindows: Failed to load 'VSPerf140.dll' (GetLastError=126)
LogWindows: File 'VSPerf140.dll' does not exist
LogWindows: Failed to load 'VtuneApi.dll' (GetLastError=126)
LogWindows: File 'VtuneApi.dll' does not exist
LogWindows: Failed to load 'VtuneApi32e.dll' (GetLastError=126)
LogWindows: File 'VtuneApi32e.dll' does not exist
LogInit: Display: Running engine for game: MarbleRun
LogPlatformFile: Not using cached read wrapper
LogTaskGraph: Started task graph with 5 named threads and 23 total threads with 3 sets of task threads.
LogStats: Stats thread started at 0.956249
LogD3D11RHI: Loaded GFSDK_Aftermath_Lib.x64.dll
LogICUInternationalization: Display: ICU TimeZone Detection - Raw Offset: -8:00, Platform Override: ''
LogPluginManager: Mounting plugin Paper2D
LogPluginManager: Mounting plugin AISupport
LogPluginManager: Mounting plugin LightPropagationVolume
LogPluginManager: Mounting plugin CLionSourceCodeAccess
LogPluginManager: Mounting plugin CodeLiteSourceCodeAccess
LogPluginManager: Mounting plugin GitSourceControl
LogPluginManager: Mounting plugin KDevelopSourceCodeAccess
LogPluginManager: Mounting plugin NullSourceCodeAccess
LogPluginManager: Mounting plugin PerforceSourceControl
LogPluginManager: Mounting plugin SubversionSourceControl
LogPluginManager: Mounting plugin UObjectPlugin
LogPluginManager: Mounting plugin VisualStudioCodeSourceCodeAccess
LogPluginManager: Mounting plugin VisualStudioSourceCodeAccess
LogPluginManager: Mounting plugin XCodeSourceCodeAccess
LogPluginManager: Mounting plugin AssetManagerEditor
LogPluginManager: Mounting plugin CryptoKeys
LogPluginManager: Mounting plugin DataValidation
LogPluginManager: Mounting plugin FacialAnimation
LogPluginManager: Mounting plugin GameplayTagsEditor
LogPluginManager: Mounting plugin MacGraphicsSwitching
LogPluginManager: Mounting plugin MeshEditor
LogPluginManager: Mounting plugin MobileLauncherProfileWizard
LogPluginManager: Mounting plugin PluginBrowser
LogPluginManager: Mounting plugin SpeedTreeImporter
LogPluginManager: Mounting plugin DatasmithContent
LogPluginManager: Mounting plugin AlembicImporter
LogPluginManager: Mounting plugin AppleImageUtils
LogPluginManager: Mounting plugin AppleVision
LogPluginManager: Mounting plugin BackChannel
LogPluginManager: Mounting plugin CharacterAI
LogPluginManager: Mounting plugin GeometryCache
LogPluginManager: Mounting plugin HTML5Networking
LogPluginManager: Mounting plugin ProxyLODPlugin
LogPluginManager: Mounting plugin MagicLeap
LogPluginManager: Mounting plugin MagicLeapEmulator
LogPluginManager: Mounting plugin MagicLeapMedia
LogPluginManager: Mounting plugin AndroidMedia
LogPluginManager: Mounting plugin AvfMedia
LogPluginManager: Mounting plugin ImgMedia
LogPluginManager: Mounting plugin LinearTimecode
LogPluginManager: Mounting plugin MediaCompositing
LogPluginManager: Mounting plugin MediaPlayerEditor
LogPluginManager: Mounting plugin WmfMedia
LogPluginManager: Mounting plugin TcpMessaging
LogPluginManager: Mounting plugin UdpMessaging
LogPluginManager: Mounting plugin ActorSequence
LogPluginManager: Mounting plugin LevelSequenceEditor
LogPluginManager: Mounting plugin MatineeToLevelSequence
LogPluginManager: Mounting plugin NetcodeUnitTest
LogPluginManager: Mounting plugin NUTUnrealEngine4
LogPluginManager: Mounting plugin OnlineSubsystemGooglePlay
LogPluginManager: Mounting plugin OnlineSubsystemIOS
LogPluginManager: Mounting plugin OnlineSubsystem
LogPluginManager: Mounting plugin OnlineSubsystemNull
LogPluginManager: Mounting plugin OnlineSubsystemUtils
LogPluginManager: Mounting plugin LauncherChunkInstaller
LogPluginManager: Mounting plugin AndroidDeviceProfileSelector
LogPluginManager: Mounting plugin AndroidMoviePlayer
LogPluginManager: Mounting plugin AndroidPermission
LogPluginManager: Mounting plugin AppleMoviePlayer
LogPluginManager: Mounting plugin ArchVisCharacter
LogPluginManager: Mounting plugin AudioCapture
LogPluginManager: Mounting plugin CableComponent
LogPluginManager: Mounting plugin CustomMeshComponent
LogPluginManager: Mounting plugin EditableMesh
LogPluginManager: Mounting plugin ExampleDeviceProfileSelector
LogPluginManager: Mounting plugin GoogleCloudMessaging
LogPluginManager: Mounting plugin ImmediatePhysics
LogPluginManager: Mounting plugin IOSDeviceProfileSelector
LogPluginManager: Mounting plugin LinuxDeviceProfileSelector
LogPluginManager: Mounting plugin LocationServicesBPLibrary
LogPluginManager: Mounting plugin MobilePatchingUtils
LogPluginManager: Mounting plugin OculusVR
LogPluginManager: Plugin shader directory ../../../Engine/Plugins/Runtime/Oculus/OculusVR/Shaders found
LogPluginManager: Mapping shader source directory ../../../Engine/Plugins/Runtime/Oculus/OculusVR/Shaders to virtual directory /Plugin/OculusVR
LogPluginManager: Mounting plugin PhysXVehicles
LogPluginManager: Mounting plugin ProceduralMeshComponent
LogPluginManager: Mounting plugin RuntimePhysXCooking
LogPluginManager: Mounting plugin SteamVR
LogPluginManager: Mounting plugin WindowsMoviePlayer
LogStreaming: Display: Took  0.712s to configure plugins.
LogInit: Using libcurl 7.55.1-DEV
LogInit:  - built for x86_64-pc-win32
LogInit:  - supports SSL with OpenSSL/1.0.2h
LogInit:  - supports HTTP deflate (compression) using libz 1.2.8
LogInit:  - other features:
LogInit:      CURL_VERSION_SSL
LogInit:      CURL_VERSION_LIBZ
LogInit:      CURL_VERSION_IPV6
LogInit:      CURL_VERSION_ASYNCHDNS
LogInit:      CURL_VERSION_LARGEFILE
LogInit:      CURL_VERSION_IDN
LogInit:  CurlRequestOptions (configurable via config and command line):
LogInit:  - bVerifyPeer = false  - Libcurl will NOT verify peer certificate
LogInit:  - bUseHttpProxy = false  - Libcurl will NOT use HTTP proxy
LogInit:  - bDontReuseConnections = false  - Libcurl will reuse connections
LogInit:  - CertBundlePath = nullptr  - Libcurl will use whatever was configured at build time.
LogInit:  - MaxHostConnections = 16  - Libcurl will limit the number of connections to a host
LogInit:  - LocalHostAddr = Default
LogInit:  - BufferSize = 65536
LogInit: WinSock: version 1.1 (2.2), MaxSocks=32767, MaxUdp=65467
LogInit: Build: ++UE4+Release-4.20-CL-4369336
LogInit: Engine Version: 4.20.3-4369336+++UE4+Release-4.20
LogInit: Compatible Engine Version: 4.20.0-4212847+++UE4+Release-4.20
LogInit: Net CL: 4212847
LogInit: OS: Windows 10 (), CPU: AMD Ryzen 5 3550H with Radeon Vega Mobile Gfx  , GPU: AMD Radeon(TM) Vega 8 Graphics
LogInit: Compiled (64-bit): Sep 17 2018 12:26:19
LogInit: Compiled with Visual C++: 19.13.26129.00
LogInit: Build Configuration: Development
LogInit: Branch Name: ++UE4+Release-4.20
LogInit: Command Line: 
LogInit: Base Directory: C:/Program Files/Epic Games/UE_4.20/Engine/Binaries/Win64/
LogInit: Installed Engine Build: 1
LogDevObjectVersion: Number of dev versions registered: 20
LogDevObjectVersion:   Dev-Blueprints (B0D832E4-1F89-4F0D-ACCF-7EB736FD4AA2): 10
LogDevObjectVersion:   Dev-Build (E1C64328-A22C-4D53-A36C-8E866417BD8C): 0
LogDevObjectVersion:   Dev-Core (375EC13C-06E4-48FB-B500-84F0262A717E): 2
LogDevObjectVersion:   Dev-Editor (E4B068ED-F494-42E9-A231-DA0B2E46BB41): 24
LogDevObjectVersion:   Dev-Framework (CFFC743F-43B0-4480-9391-14DF171D2073): 34
LogDevObjectVersion:   Dev-Mobile (B02B49B5-BB20-44E9-A304-32B752E40360): 2
LogDevObjectVersion:   Dev-Networking (A4E4105C-59A1-49B5-A7C5-40C4547EDFEE): 0
LogDevObjectVersion:   Dev-Online (39C831C9-5AE6-47DC-9A44-9C173E1C8E7C): 0
LogDevObjectVersion:   Dev-Physics (78F01B33-EBEA-4F98-B9B4-84EACCB95AA2): 0
LogDevObjectVersion:   Dev-Platform (6631380F-2D4D-43E0-8009-CF276956A95A): 0
LogDevObjectVersion:   Dev-Rendering (12F88B9F-8875-4AFC-A67C-D90C383ABD29): 26
LogDevObjectVersion:   Dev-Sequencer (7B5AE74C-D270-4C10-A958-57980B212A5A): 9
LogDevObjectVersion:   Dev-VR (D7296918-1DD6-4BDD-9DE2-64A83CC13884): 2
LogDevObjectVersion:   Dev-LoadTimes (C2A15278-BFE7-4AFE-6C17-90FF531DF755): 1
LogDevObjectVersion:   Private-Geometry (6EACA3D4-40EC-4CC1-B786-8BED09428FC5): 3
LogDevObjectVersion:   Dev-AnimPhys (29E575DD-E0A3-4627-9D10-D276232CDCEA): 17
LogDevObjectVersion:   Dev-ReflectionCapture (6B266CEC-1EC7-4B8F-A30B-E4D90942FC07): 1
LogDevObjectVersion:   Dev-Automation (0DF73D61-A23F-47EA-B727-89E90C41499A): 1
LogDevObjectVersion:   FortniteMain (601D1886-AC64-4F84-AA16-D3DE0DEAC7D6): 12
LogDevObjectVersion:   Dev-Enterprise (9DFFBCD6-494F-0158-E221-12823C92A888): 1
LogStreaming: Display: Took  0.001s to delete old logs.
LogInit: Presizing for max 8388607 objects, including 0 objects not considered by GC, pre-allocating 0 bytes for permanent pool.
LogInit: Object subsystem initialized
[2021.06.03-02.55.39:301][  0]LogInit: Selected Device Profile: [Windows]
[2021.06.03-02.55.39:301][  0]LogInit: Applying CVar settings loaded from the selected device profile: [Windows]
[2021.06.03-02.55.39:328][  0]LogHAL: Display: Platform has ~ 8 GB [8390643712 / 8589934592 / 8], which maps to Default [LargestMinGB=32, LargerMinGB=12, DefaultMinGB=8, SmallerMinGB=6, SmallestMinGB=0)
[2021.06.03-02.55.39:328][  0]LogInit: Setting Device Profile CVar: [[r.Vulkan.UseRealUBs:1]]
[2021.06.03-02.55.39:328][  0]LogInit: Going up to parent DeviceProfile []
[2021.06.03-02.55.39:331][  0]LogInit: Computer: LAPTOP-1KK34GMN
[2021.06.03-02.55.39:331][  0]LogInit: User: Myles
[2021.06.03-02.55.39:331][  0]LogInit: CPU Page size=4096, Cores=4
[2021.06.03-02.55.39:331][  0]LogInit: High frequency timer resolution =10.000000 MHz
[2021.06.03-02.55.39:331][  0]LogMemory: Memory total: Physical=7.8GB (8GB approx)
[2021.06.03-02.55.39:331][  0]LogMemory: Platform Memory Stats for Windows
[2021.06.03-02.55.39:331][  0]LogMemory: Process Physical Memory: 100.58 MB used, 100.59 MB peak
[2021.06.03-02.55.39:331][  0]LogMemory: Process Virtual Memory: 91.49 MB used, 91.49 MB peak
[2021.06.03-02.55.39:331][  0]LogMemory: Physical Memory: 7024.13 MB used,  977.81 MB free, 8001.94 MB total
[2021.06.03-02.55.39:331][  0]LogMemory: Virtual Memory: 4628.96 MB used,  977.81 MB free, 134217728.00 MB total
[2021.06.03-02.55.39:508][  0]LogInit: Using OS detected language (en-US).
[2021.06.03-02.55.39:508][  0]LogInit: Using OS detected locale (en-US).
[2021.06.03-02.55.39:511][  0]LogTextLocalizationManager: No specific localization for 'en-US' exists, so the 'en' localization will be used.
[2021.06.03-02.55.40:378][  0]LogStreaming: Display: Took  0.870s to InitEngineTextLocalization.
[2021.06.03-02.55.40:378][  0]LogInit: Setting process to per monitor DPI aware
[2021.06.03-02.55.40:505][  0]LogSlate: New Slate User Created.  User Index 0, Is Virtual User: 0
[2021.06.03-02.55.40:505][  0]LogSlate: Slate User Registered.  User Index 0, Is Virtual User: 0
[2021.06.03-02.55.41:724][  0]LogHMD: Failed to initialize OpenVR with code 110
[2021.06.03-02.55.41:725][  0]LogD3D11RHI: D3D11 adapters:
[2021.06.03-02.55.41:853][  0]LogD3D11RHI:    0. 'Radeon RX 560X' (Feature Level 11_0)
[2021.06.03-02.55.41:853][  0]LogD3D11RHI:       4075/0/4000 MB DedicatedVideo/DedicatedSystem/SharedSystem, Outputs:2, VendorId:0x1002
[2021.06.03-02.55.41:957][  0]LogD3D11RHI:    1. 'AMD Radeon(TM) Vega 8 Graphics' (Feature Level 11_0)
[2021.06.03-02.55.41:957][  0]LogD3D11RHI:       113/0/4000 MB DedicatedVideo/DedicatedSystem/SharedSystem, Outputs:0, VendorId:0x1002
[2021.06.03-02.55.42:040][  0]LogD3D11RHI:    2. 'AMD Radeon(TM) Vega 8 Graphics' (Feature Level 11_0)
[2021.06.03-02.55.42:040][  0]LogD3D11RHI:       113/0/4000 MB DedicatedVideo/DedicatedSystem/SharedSystem, Outputs:0, VendorId:0x1002
[2021.06.03-02.55.42:064][  0]LogD3D11RHI:    3. 'Microsoft Basic Render Driver' (Feature Level 11_0)
[2021.06.03-02.55.42:064][  0]LogD3D11RHI:       0/0/4000 MB DedicatedVideo/DedicatedSystem/SharedSystem, Outputs:0, VendorId:0x1414
[2021.06.03-02.55.42:064][  0]LogD3D11RHI: Chosen D3D11 Adapter: 0
[2021.06.03-02.55.42:111][  0]LogD3D11RHI: Creating new Direct3DDevice
[2021.06.03-02.55.42:112][  0]LogD3D11RHI:     GPU DeviceId: 0x67ef (for the marketing name, search the web for "GPU Device Id")
[2021.06.03-02.55.42:112][  0]LogWindows: EnumDisplayDevices:
[2021.06.03-02.55.42:113][  0]LogWindows:    0. 'AMD Radeon(TM) Vega 8 Graphics' (P:1 D:1)
[2021.06.03-02.55.42:113][  0]LogWindows:    1. 'AMD Radeon(TM) Vega 8 Graphics' (P:0 D:1)
[2021.06.03-02.55.42:114][  0]LogWindows:    2. 'AMD Radeon(TM) Vega 8 Graphics' (P:0 D:0)
[2021.06.03-02.55.42:115][  0]LogWindows:    3. 'AMD Radeon(TM) Vega 8 Graphics' (P:0 D:0)
[2021.06.03-02.55.42:115][  0]LogWindows:    4. 'Radeon RX 560X' (P:0 D:0)
[2021.06.03-02.55.42:116][  0]LogWindows:    5. 'Radeon RX 560X' (P:0 D:0)
[2021.06.03-02.55.42:117][  0]LogWindows:    6. 'Radeon RX 560X' (P:0 D:0)
[2021.06.03-02.55.42:117][  0]LogWindows:    7. 'Citrix Indirect Display Adapter' (P:0 D:0)
[2021.06.03-02.55.42:118][  0]LogWindows:    8. 'Citrix Indirect Display Adapter' (P:0 D:0)
[2021.06.03-02.55.42:118][  0]LogWindows:    9. 'Citrix Indirect Display Adapter' (P:0 D:0)
[2021.06.03-02.55.42:119][  0]LogWindows:    10. 'Citrix Indirect Display Adapter' (P:0 D:0)
[2021.06.03-02.55.42:119][  0]LogWindows:    11. 'Citrix Indirect Display Adapter' (P:0 D:0)
[2021.06.03-02.55.42:119][  0]LogWindows:    12. 'Citrix Indirect Display Adapter' (P:0 D:0)
[2021.06.03-02.55.42:120][  0]LogWindows:    13. 'Citrix Indirect Display Adapter' (P:0 D:0)
[2021.06.03-02.55.42:120][  0]LogWindows:    14. 'Citrix Indirect Display Adapter' (P:0 D:0)
[2021.06.03-02.55.42:120][  0]LogWindows: DebugString: PrimaryIsNotTheChoosenAdapter PrimaryIsNotTheChoosenAdapter PrimaryIsNotTheChoosenAdapter PrimaryIsNotTheChoosenAdapter GetVideoDriverDetailsInvalid PrimaryIsNotTheChoosenAdapter GetVideoDriverDetailsInvalid PrimaryIsNotTheChoosenAdapter GetVideoDriverDetailsInvalid PrimaryIsNotTheChoosenAdapter GetVideoDriverDetailsInvalid PrimaryIsNotTheChoosenAdapter GetVideoDriverDetailsInvalid PrimaryIsNotTheChoosenAdapter GetVideoDriverDetailsInvalid PrimaryIsNotTheChoosenAdapter GetVideoDriverDetailsInvalid PrimaryIsNotTheChoosenAdapter GetVideoDriverDetailsInvalid PrimaryIsNotTheChoosenAdapter FoundDriverCount:3 
[2021.06.03-02.55.42:120][  0]LogD3D11RHI:     Adapter Name: Radeon RX 560X
[2021.06.03-02.55.42:120][  0]LogD3D11RHI:   Driver Version: Adrenalin 2020 20.9.1 (internal:27.20.12029.1000, unified:27.20.12029.1000)
[2021.06.03-02.55.42:120][  0]LogD3D11RHI:      Driver Date: 9-9-2020
[2021.06.03-02.55.42:120][  0]LogRHI: Texture pool is 2853 MB (70% of 4075 MB)
[2021.06.03-02.55.42:391][  0]LogD3D11RHI: Async texture creation enabled
[2021.06.03-02.55.42:421][  0]LogD3D11RHI: GPU Timing Frequency: 25.000000 (Debug: 2 1)
[2021.06.03-02.55.42:429][  0]LogShaderCompilers: Guid format shader working directory is -29 characters bigger than the processId version (../../../../../../Users/Myles/OneDrive/Documents/Unreal Projects/MarbleRun/Intermediate/Shaders/WorkingDirectory/16936/).
[2021.06.03-02.55.42:430][  0]LogShaderCompilers: Cleaned the shader compiler working directory 'C:/Users/Myles/AppData/Local/Temp/UnrealShaderWorkingDir/BCA46740464CA48BCAE2BF9D77D2BCB9/'.
[2021.06.03-02.55.43:257][  0]LogTemp: Display: Loaded TP AllDesktopTargetPlatform
[2021.06.03-02.55.43:291][  0]LogTemp: Display: Loaded TP MacClientTargetPlatform
[2021.06.03-02.55.43:324][  0]LogTemp: Display: Loaded TP MacNoEditorTargetPlatform
[2021.06.03-02.55.43:357][  0]LogTemp: Display: Loaded TP MacServerTargetPlatform
[2021.06.03-02.55.43:390][  0]LogTemp: Display: Loaded TP MacTargetPlatform
[2021.06.03-02.55.43:424][  0]LogTemp: Display: Loaded TP WindowsClientTargetPlatform
[2021.06.03-02.55.43:479][  0]LogTemp: Display: Loaded TP WindowsNoEditorTargetPlatform
[2021.06.03-02.55.43:526][  0]LogTemp: Display: Loaded TP WindowsServerTargetPlatform
[2021.06.03-02.55.43:561][  0]LogTemp: Display: Loaded TP WindowsTargetPlatform
[2021.06.03-02.55.43:793][  0]LogTemp: Display: Loaded TP AndroidTargetPlatform
[2021.06.03-02.55.43:793][  0]LogTemp: Display: Loaded TP AndroidTargetPlatform
[2021.06.03-02.55.43:793][  0]LogTemp: Display: Loaded TP AndroidTargetPlatform
[2021.06.03-02.55.43:793][  0]LogTemp: Display: Loaded TP AndroidTargetPlatform
[2021.06.03-02.55.43:793][  0]LogTemp: Display: Loaded TP AndroidTargetPlatform
[2021.06.03-02.55.43:793][  0]LogTemp: Display: Loaded TP AndroidTargetPlatform
[2021.06.03-02.55.43:793][  0]LogTemp: Display: Loaded TP AndroidTargetPlatform
[2021.06.03-02.55.43:793][  0]LogTemp: Display: Loaded TP AndroidTargetPlatform
[2021.06.03-02.55.43:793][  0]LogTemp: Display: Loaded TP AndroidTargetPlatform
[2021.06.03-02.55.43:793][  0]LogTemp: Display: Loaded TP AndroidTargetPlatform
[2021.06.03-02.55.43:793][  0]LogTemp: Display: Loaded TP AndroidTargetPlatform
[2021.06.03-02.55.43:793][  0]LogTemp: Display: Loaded TP AndroidTargetPlatform
[2021.06.03-02.55.43:793][  0]LogTemp: Display: Loaded TP AndroidTargetPlatform
[2021.06.03-02.55.43:793][  0]LogTemp: Display: Loaded TP AndroidTargetPlatform
[2021.06.03-02.55.43:793][  0]LogTemp: Display: Loaded TP AndroidTargetPlatform
[2021.06.03-02.55.43:793][  0]LogTemp: Display: Loaded TP AndroidTargetPlatform
[2021.06.03-02.55.43:794][  0]LogTemp: Display: Loaded TP AndroidTargetPlatform
[2021.06.03-02.55.43:794][  0]LogTemp: Display: Loaded TP AndroidTargetPlatform
[2021.06.03-02.55.43:808][  0]LogTemp: Display: Loaded TP HTML5TargetPlatform
[2021.06.03-02.55.43:974][  0]LogTemp: Display: Loaded TP IOSTargetPlatform
[2021.06.03-02.55.43:974][  0]LogTemp: Display: Loaded TP IOSTargetPlatform
[2021.06.03-02.55.44:045][  0]LogTemp: Display: Loaded TP TVOSTargetPlatform
[2021.06.03-02.55.44:045][  0]LogTemp: Display: Loaded TP TVOSTargetPlatform
[2021.06.03-02.55.44:081][  0]LogTemp: Display: Loaded TP LinuxClientTargetPlatform
[2021.06.03-02.55.44:126][  0]LogTemp: Display: Loaded TP LinuxNoEditorTargetPlatform
[2021.06.03-02.55.44:165][  0]LogTemp: Display: Loaded TP LinuxServerTargetPlatform
[2021.06.03-02.55.44:205][  0]LogTemp: Display: Loaded TP LinuxTargetPlatform
[2021.06.03-02.55.44:233][  0]LogTemp: Display: Loaded TP LuminTargetPlatform
[2021.06.03-02.55.44:233][  0]LogTargetPlatformManager: Display: Building Assets For Windows
[2021.06.03-02.55.44:562][  0]LogXGEController: Cannot use XGE Controller as Incredibuild is not installed on this machine.
[2021.06.03-02.55.44:562][  0]LogShaderCompilers: Cannot use XGE Shader Compiler as Incredibuild is not installed on this machine.
[2021.06.03-02.55.44:562][  0]LogShaderCompilers: Display: Using Local Shader Compiler.
[2021.06.03-02.55.47:823][  0]LogDerivedDataCache: Display: Max Cache Size: 512 MB
[2021.06.03-02.55.48:293][  0]LogDerivedDataCache: Loaded boot cache 0.47s 71MB C:/Users/Myles/AppData/Local/UnrealEngine/4.20/DerivedDataCache/Boot.ddc.
[2021.06.03-02.55.48:293][  0]LogDerivedDataCache: Display: Loaded Boot cache: C:/Users/Myles/AppData/Local/UnrealEngine/4.20/DerivedDataCache/Boot.ddc
[2021.06.03-02.55.48:294][  0]LogDerivedDataCache: FDerivedDataBackendGraph:  Pak pak cache file ../../../../../../Users/Myles/OneDrive/Documents/Unreal Projects/MarbleRun/DerivedDataCache/DDC.ddp not found, will not use a pak cache.
[2021.06.03-02.55.48:294][  0]LogDerivedDataCache: Unable to find inner node Pak for hierarchical cache Hierarchy.
[2021.06.03-02.55.48:294][  0]LogDerivedDataCache: FDerivedDataBackendGraph:  CompressedPak pak cache file ../../../../../../Users/Myles/OneDrive/Documents/Unreal Projects/MarbleRun/DerivedDataCache/Compressed.ddp not found, will not use a pak cache.
[2021.06.03-02.55.48:294][  0]LogDerivedDataCache: Unable to find inner node CompressedPak for hierarchical cache Hierarchy.
[2021.06.03-02.55.48:321][  0]LogDerivedDataCache: Display: Pak cache opened for reading ../../../Engine/DerivedDataCache/Compressed.ddp.
[2021.06.03-02.55.48:337][  0]LogDerivedDataCache: Using Local data cache path C:/Users/Myles/AppData/Local/UnrealEngine/Common/DerivedDataCache: Writable
[2021.06.03-02.55.48:337][  0]LogDerivedDataCache: Shared data cache path not found in *engine.ini, will not use an Shared cache.
[2021.06.03-02.55.48:337][  0]LogDerivedDataCache: Unable to find inner node Shared for hierarchical cache Hierarchy.
[2021.06.03-02.55.48:373][  0]LogMaterial: Verifying Global Shaders for PCD3D_SM5
[2021.06.03-02.55.48:384][  0]LogSlate: Using FreeType 2.6.0
[2021.06.03-02.55.48:393][  0]LogSlate: SlateFontServices - WITH_FREETYPE: 1, WITH_HARFBUZZ: 1
[2021.06.03-02.55.48:595][  0]LogAssetRegistry: FAssetRegistry took 0.0337 seconds to start up
[2021.06.03-02.55.49:406][  0]LogInit: Selected Device Profile: [Windows]
[2021.06.03-02.55.49:760][  0]LogSimplygon: Simplygon DLL not present - disabling.
[2021.06.03-02.55.49:792][  0]LogMeshReduction: Using SimplygonSwarm for distributed automatic mesh merging
[2021.06.03-02.55.49:793][  0]LogMeshReduction: Using ProxyLODMeshReduction for automatic mesh merging
[2021.06.03-02.55.49:793][  0]LogMeshReduction: Using QuadricMeshReduction for automatic static mesh reduction
[2021.06.03-02.55.49:793][  0]LogMeshReduction: No automatic skeletal mesh reduction module available
[2021.06.03-02.55.49:850][  0]LogNetVersion: MarbleRun 1.0.0, NetCL: 4212847, EngineNetVer: 5, GameNetVer: 0 (Checksum: 2968469525)
[2021.06.03-02.55.51:557][  0]LogPackageLocalizationCache: Processed 11 localized package path(s) for 2 prioritized culture(s) in 0.459484 seconds
[2021.06.03-02.55.51:579][  0]LogUObjectArray: 38425 objects as part of root set at end of initial load.
[2021.06.03-02.55.51:579][  0]LogUObjectAllocator: 6690872 out of 0 bytes used by permanent object pool.
[2021.06.03-02.55.51:579][  0]LogUObjectArray: CloseDisregardForGC: 0/0 objects in disregard for GC pool
[2021.06.03-02.55.54:945][  0]LogTcpMessaging: Initializing TcpMessaging bridge
[2021.06.03-02.55.54:965][  0]LogUdpMessaging: Initializing bridge on interface 0.0.0.0:0 to multicast group 230.0.0.1:6666.
[2021.06.03-02.55.55:350][  0]SourceControl: Source control is disabled
[2021.06.03-02.55.55:351][  0]SourceControl: Source control is disabled
[2021.06.03-02.55.55:365][  0]SourceControl: Source control is disabled
[2021.06.03-02.55.55:376][  0]SourceControl: Source control is disabled
[2021.06.03-02.55.55:919][  0]LogAndroidPermission: UAndroidPermissionCallbackProxy::GetInstance
[2021.06.03-02.55.56:133][  0]LogOcInput: OculusInput pre-init called
[2021.06.03-02.55.56:319][  0]LogEngine: Initializing Engine...
[2021.06.03-02.55.56:326][  0]LogHMD: Failed to initialize OpenVR with code 110
[2021.06.03-02.55.56:333][  0]LogStats: UGameplayTagsManager::ConstructGameplayTagTree: ImportINI prefixes -  0.001 s
[2021.06.03-02.55.56:333][  0]LogStats: UGameplayTagsManager::ConstructGameplayTagTree: Construct from data asset -  0.000 s
[2021.06.03-02.55.56:333][  0]LogStats: UGameplayTagsManager::ConstructGameplayTagTree: ImportINI -  0.001 s
[2021.06.03-02.55.56:334][  0]LogStats: UGameplayTagsManager::ConstructGameplayTagTree: GameplayTagTreeChangedEvent.Broadcast -  0.000 s
[2021.06.03-02.55.56:751][  0]LogInit: Initializing FReadOnlyCVARCache
[2021.06.03-02.55.56:867][  0]LogAIModule: Creating AISystem for world Untitled
[2021.06.03-02.55.56:954][  0]LogInit: XAudio2 using 'Speakers (USB Audio Device)' : 2 channels at 48 kHz using 16 bits per sample (channel mask 0x3)
[2021.06.03-02.55.56:993][  0]LogInit: FAudioDevice initialized.
[2021.06.03-02.55.56:995][  0]LogNetVersion: Set ProjectVersion to 1.0.0.0. Version Checksum will be recalculated on next use.
[2021.06.03-02.55.57:093][  0]LogDerivedDataCache: Saved boot cache 0.10s 71MB C:/Users/Myles/AppData/Local/UnrealEngine/4.20/DerivedDataCache/Boot.ddc.
[2021.06.03-02.55.57:094][  0]LogInit: Texture streaming: Enabled
[2021.06.03-02.55.57:172][  0]LogEngineSessionManager: EngineSessionManager initialized
[2021.06.03-02.55.57:232][  0]LogInit: Transaction tracking system initialized
[2021.06.03-02.55.57:354][  0]BlueprintLog: New page: Editor Load
[2021.06.03-02.55.57:763][  0]LocalizationService: Localization service is disabled
[2021.06.03-02.55.58:435][  0]LogCook: Display: Max memory allowance for cook 16384mb min free memory 0mb
[2021.06.03-02.55.58:436][  0]LogCook: Display: Mobile HDR setting 1
[2021.06.03-02.55.58:438][  0]LogGameplayTags: Display: UGameplayTagsManager::DoneAddingNativeTags. DelegateIsBound: 0
[2021.06.03-02.55.58:439][  0]LogStats: UGameplayTagsManager::ConstructGameplayTagTree: ImportINI prefixes -  0.000 s
[2021.06.03-02.55.58:439][  0]LogStats: UGameplayTagsManager::ConstructGameplayTagTree: Construct from data asset -  0.000 s
[2021.06.03-02.55.58:440][  0]LogStats: UGameplayTagsManager::ConstructGameplayTagTree: ImportINI -  0.001 s
[2021.06.03-02.55.58:440][  0]LogStats: UGameplayTagsManager::ConstructGameplayTagTree: GameplayTagTreeChangedEvent.Broadcast -  0.000 s
[2021.06.03-02.55.58:969][  0]LogFileCache: Scanning file cache for directory 'C:/Users/Myles/OneDrive/Documents/Unreal Projects/MarbleRun/Content/' took 0.03s
[2021.06.03-02.55.58:969][  0]SourceControl: Source control is disabled
[2021.06.03-02.55.58:972][  0]Cmd: MAP LOAD FILE="../../../../../../Users/Myles/OneDrive/Documents/Unreal Projects/MarbleRun/Content/StarterContent/Maps/Minimal_Default.umap" TEMPLATE=0 SHOWPROGRESS=1 FEATURELEVEL=3
[2021.06.03-02.55.58:976][  0]LightingResults: New page: Lighting Build
[2021.06.03-02.55.58:996][  0]MapCheck: New page: Map Check
[2021.06.03-02.55.58:996][  0]LightingResults: New page: Lighting Build
[2021.06.03-02.56.00:287][  0]LogAIModule: Creating AISystem for world Minimal_Default
[2021.06.03-02.56.00:345][  0]LogEditorServer: Finished looking for orphan Actors (0.000 secs)
[2021.06.03-02.56.00:385][  0]Cmd: MAP CHECKDEP NOCLEARLOG
[2021.06.03-02.56.00:633][  0]MapCheck: Map check complete: 0 Error(s), 0 Warning(s), took 247.048ms to complete.
[2021.06.03-02.56.00:634][  0]LogFileHelpers: Loading map 'Minimal_Default' took 1.665
[2021.06.03-02.56.00:984][  0]LogSlate: Updating window title bar state: overlay mode, drag disabled, window buttons hidden, title bar hidden
[2021.06.03-02.56.01:009][  0]LogSlate: Updating window title bar state: overlay mode, drag disabled, window buttons hidden, title bar hidden
[2021.06.03-02.56.01:028][  0]LogSlate: Updating window title bar state: overlay mode, drag disabled, window buttons hidden, title bar hidden
[2021.06.03-02.56.01:050][  0]LogSlate: Updating window title bar state: overlay mode, drag disabled, window buttons hidden, title bar hidden
[2021.06.03-02.56.01:096][  0]LogCollectionManager: Loaded 0 collections in 0.004150 seconds
[2021.06.03-02.56.01:204][  0]LogFileCache: Scanning file cache for directory 'C:/Users/Myles/OneDrive/Documents/Unreal Projects/MarbleRun/Saved/Collections/' took 0.01s
[2021.06.03-02.56.01:204][  0]LogFileCache: Scanning file cache for directory 'C:/Users/Myles/OneDrive/Documents/Unreal Projects/MarbleRun/Content/Developers/Myles/Collections/' took 0.01s
[2021.06.03-02.56.01:205][  0]LogFileCache: Scanning file cache for directory 'C:/Users/Myles/OneDrive/Documents/Unreal Projects/MarbleRun/Content/Collections/' took 0.01s
[2021.06.03-02.56.01:205][  0]LogCollectionManager: Rebuilt the GUID cache for 0 collections in 0.000001 seconds
[2021.06.03-02.56.01:234][  0]LogContentBrowser: Native class hierarchy populated in 0.0258 seconds. Added 2572 classes and 603 folders.
[2021.06.03-02.56.01:269][  0]LogContentBrowser: Native class hierarchy updated for 'WidgetCarousel' in 0.0005 seconds. Added 0 classes and 0 folders.
[2021.06.03-02.56.01:672][  0]LogContentBrowser: Native class hierarchy updated for 'AddContentDialog' in 0.0013 seconds. Added 0 classes and 0 folders.
[2021.06.03-02.56.01:721][  0]LogContentBrowser: Native class hierarchy updated for 'SceneOutliner' in 0.0006 seconds. Added 1 classes and 2 folders.
[2021.06.03-02.56.01:882][  0]LogSlate: Took 0.004664 seconds to synchronously load lazily loaded font '../../../Engine/Content/Slate/Fonts/Roboto-Regular.ttf' (155K)
[2021.06.03-02.56.01:897][  0]LogSlate: Took 0.003712 seconds to synchronously load lazily loaded font '../../../Engine/Content/Slate/Fonts/Roboto-Bold.ttf' (160K)
[2021.06.03-02.56.01:926][  0]LogSlate: Took 0.004368 seconds to synchronously load lazily loaded font '../../../Engine/Content/Editor/Slate/Fonts/FontAwesome.ttf' (139K)
[2021.06.03-02.56.02:207][  0]LogRenderer: Reallocating scene render targets to support 1208x628 Format 10 NumSamples 1 (Frame:1).
[2021.06.03-02.56.02:781][  0]LogContentBrowser: Native class hierarchy updated for 'HierarchicalLODOutliner' in 0.0006 seconds. Added 0 classes and 0 folders.
[2021.06.03-02.56.02:783][  0]LogLoad: (Engine Initialization) Total time: 29.69 seconds
[2021.06.03-02.56.02:783][  0]LogLoad: (Engine Initialization) Total Blueprint compile time: 0.00 seconds
[2021.06.03-02.56.02:911][  0]LogContentStreaming: Texture pool size now 1000 MB
[2021.06.03-02.56.02:995][  0]LogSlate: Took 0.003034 seconds to synchronously load lazily loaded font '../../../Engine/Content/Slate/Fonts/Roboto-Light.ttf' (167K)
[2021.06.03-02.56.03:196][  3]LogAssetRegistry: Asset discovery search completed in 14.6262 seconds
[2021.06.03-02.56.03:204][  3]LogCollectionManager: Rebuilt the object cache for 0 collections in 0.000003 seconds (found 0 objects)
[2021.06.03-02.56.03:205][  3]LogCollectionManager: Fixed up redirectors for 0 collections in 0.001726 seconds (updated 0 objects)
[2021.06.03-02.56.18:075][ 48]LogSlate: FSceneViewport::OnFocusLost() reason 0
[2021.06.03-02.56.18:291][ 48]LogSlate: Took 0.001499 seconds to synchronously load lazily loaded font '../../../Engine/Content/Slate/Fonts/Roboto-Light.ttf' (167K)
[2021.06.03-02.56.18:355][ 48]LogAIModule: Creating AISystem for world Level1
[2021.06.03-02.56.18:365][ 48]LogAssetEditorManager: Opening Asset editor for World /Game/Level1.Level1
[2021.06.03-02.56.18:398][ 48]Cmd: MAP LOAD FILE="../../../../../../Users/Myles/OneDrive/Documents/Unreal Projects/MarbleRun/Content/Level1.umap" TEMPLATE=0 SHOWPROGRESS=1 FEATURELEVEL=3
[2021.06.03-02.56.18:398][ 48]LightingResults: New page: Lighting Build
[2021.06.03-02.56.18:401][ 48]LoadErrors: New page: Loading map: Level1.umap
[2021.06.03-02.56.18:407][ 48]MapCheck: New page: Map Check
[2021.06.03-02.56.18:407][ 48]LightingResults: New page: Lighting Build
[2021.06.03-02.56.18:451][ 48]LogEditorServer: Finished looking for orphan Actors (0.000 secs)
[2021.06.03-02.56.18:496][ 48]Cmd: MAP CHECKDEP NOCLEARLOG
[2021.06.03-02.56.18:700][ 48]MapCheck: Map check complete: 0 Error(s), 0 Warning(s), took 204.241ms to complete.
[2021.06.03-02.56.18:702][ 48]LogFileHelpers: Loading map 'Level1' took 0.311
[2021.06.03-04.04.44:418][  2]LogSlate: Window 'Source Control Login' being destroyed
[2021.06.03-04.04.49:611][311]SourceControl: fatal: C:/Program Files/Epic Games/UE_4.20/Engine/Content: 'C:/Program Files/Epic Games/UE_4.20/Engine/Content' is outside repository at 'C:/Users/Myles/OneDrive/Documents/Unreal Projects/MarbleRun'
[2021.06.03-04.04.50:018][311]LogPackageName: Error: Illegal call to DoesPackageExist: '../../../../../../Users/Myles/OneDrive/Documents/Unreal Projects/MarbleRun/MarbleRun.uproject' is not a standard unreal filename or a long path name. Reason: Path should be no less than 4 characters long.
[2021.06.03-04.04.51:743][311]LogStats: FPlatformStackWalk::StackWalkAndDump -  1.725 s
[2021.06.03-04.04.51:743][311]LogOutputDevice: Error: === Handled ensure: ===
[2021.06.03-04.04.51:743][311]LogOutputDevice: Error: 
[2021.06.03-04.04.51:743][311]LogOutputDevice: Error: Ensure condition failed: false [File:D:\Build\++UE4\Sync\Engine\Source\Runtime\CoreUObject\Private\Misc\PackageName.cpp] [Line: 822]
[2021.06.03-04.04.51:743][311]LogOutputDevice: Error: Illegal call to DoesPackageExist: '../../../../../../Users/Myles/OneDrive/Documents/Unreal Projects/MarbleRun/MarbleRun.uproject' is not a standard unreal filename or a long path name. Reason: Path should be no less than 4 characters long.
[2021.06.03-04.04.51:743][311]LogOutputDevice: Error: Stack: 
[2021.06.03-04.04.51:743][311]LogOutputDevice: Error: [Callstack] 0x00007ffc17e371f6 UE4Editor-Core.dll!UnknownFunction []
[2021.06.03-04.04.51:743][311]LogOutputDevice: Error: [Callstack] 0x00007ffc17b70c92 UE4Editor-Core.dll!UnknownFunction []
[2021.06.03-04.04.51:743][311]LogOutputDevice: Error: [Callstack] 0x00007ffc17b8b356 UE4Editor-Core.dll!UnknownFunction []
[2021.06.03-04.04.51:743][311]LogOutputDevice: Error: [Callstack] 0x00007ffc19254857 UE4Editor-CoreUObject.dll!UnknownFunction []
[2021.06.03-04.04.51:743][311]LogOutputDevice: Error: [Callstack] 0x00007ffc53ce81a5 UE4Editor-SourceControl.dll!UnknownFunction []
[2021.06.03-04.04.51:743][311]LogOutputDevice: Error: [Callstack] 0x00007ffc53ce8339 UE4Editor-SourceControl.dll!UnknownFunction []
[2021.06.03-04.04.51:743][311]LogOutputDevice: Error: [Callstack] 0x00007ffbfeb84e8d UE4Editor-SourceControlWindows.dll!UnknownFunction []
[2021.06.03-04.04.51:743][311]LogOutputDevice: Error: [Callstack] 0x00007ffbfeb3804e UE4Editor-SourceControlWindows.dll!UnknownFunction []
[2021.06.03-04.04.51:743][311]LogOutputDevice: Error: [Callstack] 0x00007ffbfeb375df UE4Editor-SourceControlWindows.dll!UnknownFunction []
[2021.06.03-04.04.51:743][311]LogOutputDevice: Error: [Callstack] 0x00007ffbfeb51f71 UE4Editor-SourceControlWindows.dll!UnknownFunction []
[2021.06.03-04.04.51:743][311]LogOutputDevice: Error: [Callstack] 0x00007ffbcc97f32c UE4Editor-GitSourceControl.dll!UnknownFunction []
[2021.06.03-04.04.51:743][311]LogOutputDevice: Error: [Callstack] 0x00007ffbcc984e51 UE4Editor-GitSourceControl.dll!UnknownFunction []
[2021.06.03-04.04.51:743][311]LogOutputDevice: Error: [Callstack] 0x00007ffc53cee737 UE4Editor-SourceControl.dll!UnknownFunction []
[2021.06.03-04.04.51:743][311]LogOutputDevice: Error: [Callstack] 0x00007ffbf64b7aee UE4Editor-UnrealEd.dll!UnknownFunction []
[2021.06.03-04.04.51:743][311]LogOutputDevice: Error: [Callstack] 0x00007ffbf6daf666 UE4Editor-UnrealEd.dll!UnknownFunction []
[2021.06.03-04.04.51:743][311]LogOutputDevice: Error: [Callstack] 0x00007ff6a5cf5cbd UE4Editor.exe!UnknownFunction []
[2021.06.03-04.04.51:743][311]LogOutputDevice: Error: [Callstack] 0x00007ff6a5d05b3c UE4Editor.exe!UnknownFunction []
[2021.06.03-04.04.51:743][311]LogOutputDevice: Error: [Callstack] 0x00007ff6a5d05bba UE4Editor.exe!UnknownFunction []
[2021.06.03-04.04.51:744][311]LogOutputDevice: Error: [Callstack] 0x00007ff6a5d13dac UE4Editor.exe!UnknownFunction []
[2021.06.03-04.04.51:744][311]LogOutputDevice: Error: [Callstack] 0x00007ff6a5d15aaa UE4Editor.exe!UnknownFunction []
[2021.06.03-04.04.51:744][311]LogOutputDevice: Error: [Callstack] 0x00007ffc88ec7034 KERNEL32.DLL!UnknownFunction []
[2021.06.03-04.04.51:744][311]LogOutputDevice: Error: [Callstack] 0x00007ffc8aea2651 ntdll.dll!UnknownFunction []
[2021.06.03-04.04.51:744][311]LogOutputDevice: Error: 
[2021.06.03-04.04.51:746][311]LogStats:                SubmitErrorReport -  0.001 s
[2021.06.03-04.04.53:346][311]LogStats:                    SendNewReport -  1.600 s
[2021.06.03-04.04.53:347][311]LogStats:             FDebug::EnsureFailed -  3.330 s
[2021.06.03-04.05.32:315][311]LogSlate: Window 'Submit Files' being destroyed
[2021.06.03-04.06.10:158][424]LogSlate: Window 'MarbleRun - Unreal Editor' being destroyed
[2021.06.03-04.06.10:162][424]LogWindowsTextInputMethodSystem: Display: IME system now deactivated.
[2021.06.03-04.06.10:692][425]Cmd: QUIT_EDITOR
[2021.06.03-04.06.10:864][425]LogExit: Preparing to exit.
[2021.06.03-04.06.11:829][425]LogExit: Editor shut down
[2021.06.03-04.06.11:832][425]LogExit: Transaction tracking system shut down
[2021.06.03-04.06.12:618][425]LogExit: Object subsystem successfully closed.
[2021.06.03-04.06.12:692][425]LogShaderCompilers: Display: Shaders left to compile 0
[2021.06.03-04.06.12:711][425]LogD3D11RHI: Shutdown
[2021.06.03-04.06.12:711][425]LogD3D11RHI: CleanupD3DDevice
[2021.06.03-04.06.12:730][425]LogD3D11RHI: ~FD3D11DynamicRHI
[2021.06.03-04.06.12:889][425]LogModuleManager: Shutting down and abandoning module HierarchicalLODOutliner (610)
[2021.06.03-04.06.12:890][425]LogModuleManager: Shutting down and abandoning module SceneOutliner (608)
[2021.06.03-04.06.12:890][425]LogModuleManager: Shutting down and abandoning module AddContentDialog (606)
[2021.06.03-04.06.12:915][425]LogModuleManager: Shutting down and abandoning module WidgetCarousel (605)
[2021.06.03-04.06.12:915][425]LogModuleManager: Shutting down and abandoning module EditorWidgets (602)
[2021.06.03-04.06.12:915][425]LogModuleManager: Shutting down and abandoning module CollectionManager (600)
[2021.06.03-04.06.12:917][425]LogModuleManager: Shutting down and abandoning module StatsViewer (598)
[2021.06.03-04.06.12:917][425]LogModuleManager: Shutting down and abandoning module FoliageEdit (596)
[2021.06.03-04.06.12:918][425]LogModuleManager: Shutting down and abandoning module LandscapeEditor (594)
[2021.06.03-04.06.12:924][425]LogModuleManager: Shutting down and abandoning module MeshPaintMode (592)
[2021.06.03-04.06.12:925][425]LogModuleManager: Shutting down and abandoning module SceneDepthPickerMode (590)
[2021.06.03-04.06.12:925][425]LogModuleManager: Shutting down and abandoning module ActorPickerMode (588)
[2021.06.03-04.06.12:925][425]LogModuleManager: Shutting down and abandoning module GeometryMode (586)
[2021.06.03-04.06.12:926][425]LogModuleManager: Shutting down and abandoning module TextureAlignMode (584)
[2021.06.03-04.06.12:926][425]LogModuleManager: Shutting down and abandoning module BspMode (582)
[2021.06.03-04.06.12:927][425]LogModuleManager: Shutting down and abandoning module PIEPreviewDeviceProfileSelector (580)
[2021.06.03-04.06.12:927][425]LogModuleManager: Shutting down and abandoning module SequenceRecorderSections (578)
[2021.06.03-04.06.12:928][425]LogModuleManager: Shutting down and abandoning module AutomationWorker (576)
[2021.06.03-04.06.12:929][425]LogModuleManager: Shutting down and abandoning module AudioCaptureEditor (574)
[2021.06.03-04.06.12:930][425]LogModuleManager: Shutting down and abandoning module SequenceRecorder (573)
[2021.06.03-04.06.12:932][425]LogModuleManager: Shutting down and abandoning module MatineeToLevelSequence (570)
[2021.06.03-04.06.12:933][425]LogModuleManager: Shutting down and abandoning module LevelSequenceEditor (568)
[2021.06.03-04.06.12:938][425]LogModuleManager: Shutting down and abandoning module PlacementMode (567)
[2021.06.03-04.06.12:939][425]LogModuleManager: Shutting down and abandoning module MaterialEditor (566)
[2021.06.03-04.06.12:941][425]LogModuleManager: Shutting down and abandoning module WmfMediaFactory (562)
[2021.06.03-04.06.12:941][425]LogModuleManager: Shutting down and abandoning module WmfMediaEditor (560)
[2021.06.03-04.06.12:941][425]LogModuleManager: Shutting down and abandoning module MediaPlayerEditor (558)
[2021.06.03-04.06.12:943][425]LogModuleManager: Shutting down and abandoning module OpenExrWrapper (556)
[2021.06.03-04.06.12:943][425]LogModuleManager: Shutting down and abandoning module ImgMediaFactory (554)
[2021.06.03-04.06.12:943][425]LogModuleManager: Shutting down and abandoning module ImgMediaEditor (552)
[2021.06.03-04.06.12:944][425]LogModuleManager: Shutting down and abandoning module AvfMediaFactory (550)
[2021.06.03-04.06.12:944][425]LogModuleManager: Shutting down and abandoning module AvfMediaEditor (548)
[2021.06.03-04.06.12:944][425]LogModuleManager: Shutting down and abandoning module AndroidMediaFactory (546)
[2021.06.03-04.06.12:944][425]LogModuleManager: Shutting down and abandoning module AndroidMediaEditor (544)
[2021.06.03-04.06.12:944][425]LogModuleManager: Shutting down and abandoning module MagicLeapCameraPreviewFactory (542)
[2021.06.03-04.06.12:944][425]LogModuleManager: Shutting down and abandoning module MagicLeapMediaFactory (540)
[2021.06.03-04.06.12:944][425]LogModuleManager: Shutting down and abandoning module MagicLeapMediaEditor (538)
[2021.06.03-04.06.12:944][425]LogModuleManager: Shutting down and abandoning module CharacterAI (536)
[2021.06.03-04.06.12:945][425]LogModuleManager: Shutting down and abandoning module SmartSnapping (534)
[2021.06.03-04.06.12:946][425]LogModuleManager: Shutting down and abandoning module SessionServices (532)
[2021.06.03-04.06.12:946][425]LogModuleManager: Shutting down and abandoning module ViewportSnapping (530)
[2021.06.03-04.06.12:946][425]LogModuleManager: Shutting down and abandoning module ViewportInteraction (528)
[2021.06.03-04.06.12:947][425]LogModuleManager: Shutting down and abandoning module ClothPainter (526)
[2021.06.03-04.06.12:949][425]LogModuleManager: Shutting down and abandoning module SkeletalMeshEditor (525)
[2021.06.03-04.06.12:951][425]LogModuleManager: Shutting down and abandoning module LogVisualizer (522)
[2021.06.03-04.06.12:955][425]LogModuleManager: Shutting down and abandoning module IntroTutorials (520)
[2021.06.03-04.06.12:958][425]LogModuleManager: Shutting down and abandoning module GameProjectGeneration (519)
[2021.06.03-04.06.12:959][425]LogModuleManager: Shutting down and abandoning module LuminPlatformEditor (516)
[2021.06.03-04.06.12:959][425]LogModuleManager: Shutting down and abandoning module IOSPlatformEditor (514)
[2021.06.03-04.06.12:960][425]LogModuleManager: Shutting down and abandoning module HTML5PlatformEditor (512)
[2021.06.03-04.06.12:960][425]LogModuleManager: Shutting down and abandoning module AndroidPlatformEditor (510)
[2021.06.03-04.06.12:961][425]LogModuleManager: Shutting down and abandoning module AndroidDeviceDetection (509)
[2021.06.03-04.06.14:342][425]LogModuleManager: Shutting down and abandoning module WindowsPlatformEditor (506)
[2021.06.03-04.06.14:342][425]LogModuleManager: Shutting down and abandoning module LuminRuntimeSettings (504)
[2021.06.03-04.06.14:342][425]LogModuleManager: Shutting down and abandoning module IOSRuntimeSettings (502)
[2021.06.03-04.06.14:342][425]LogModuleManager: Shutting down and abandoning module AndroidRuntimeSettings (500)
[2021.06.03-04.06.14:342][425]LogModuleManager: Shutting down and abandoning module InputBindingEditor (498)
[2021.06.03-04.06.14:344][425]LogModuleManager: Shutting down and abandoning module MergeActors (496)
[2021.06.03-04.06.14:346][425]LogModuleManager: Shutting down and abandoning module LocalizationDashboard (494)
[2021.06.03-04.06.14:347][425]LogModuleManager: Shutting down and abandoning module LocalizationService (493)
[2021.06.03-04.06.14:348][425]LogModuleManager: Shutting down and abandoning module HardwareTargeting (490)
[2021.06.03-04.06.14:348][425]LogModuleManager: Shutting down and abandoning module DeviceProfileEditor (488)
[2021.06.03-04.06.14:349][425]LogModuleManager: Shutting down and abandoning module UndoHistory (486)
[2021.06.03-04.06.14:349][425]LogModuleManager: Shutting down and abandoning module XmlParser (484)
[2021.06.03-04.06.14:349][425]LogModuleManager: Shutting down and abandoning module Blutility (482)
[2021.06.03-04.06.14:351][425]LogModuleManager: Shutting down and abandoning module ProjectSettingsViewer (480)
[2021.06.03-04.06.14:352][425]LogModuleManager: Shutting down and abandoning module ProjectTargetPlatformEditor (479)
[2021.06.03-04.06.14:353][425]LogModuleManager: Shutting down and abandoning module EditorSettingsViewer (476)
[2021.06.03-04.06.14:354][425]LogModuleManager: Shutting down and abandoning module SettingsEditor (474)
[2021.06.03-04.06.14:357][425]LogModuleManager: Shutting down and abandoning module ProjectLauncher (472)
[2021.06.03-04.06.14:358][425]LogModuleManager: Shutting down and abandoning module SessionFrontend (470)
[2021.06.03-04.06.14:359][425]LogModuleManager: Shutting down and abandoning module ProfilerClient (468)
[2021.06.03-04.06.14:360][425]LogModuleManager: Shutting down and abandoning module DeviceManager (466)
[2021.06.03-04.06.14:361][425]LogModuleManager: Shutting down and abandoning module TargetDeviceServices (465)
[2021.06.03-04.06.14:426][425]LogModuleManager: Shutting down and abandoning module AutomationController (462)
[2021.06.03-04.06.14:429][425]LogModuleManager: Shutting down and abandoning module AutomationWindow (460)
[2021.06.03-04.06.14:430][425]LogModuleManager: Shutting down and abandoning module Layers (458)
[2021.06.03-04.06.14:434][425]LogModuleManager: Shutting down and abandoning module ComponentVisualizers (456)
[2021.06.03-04.06.14:434][425]LogModuleManager: Shutting down and abandoning module DetailCustomizations (454)
[2021.06.03-04.06.14:437][425]LogModuleManager: Shutting down and abandoning module PackagesDialog (452)
[2021.06.03-04.06.14:438][425]LogModuleManager: Shutting down and abandoning module Persona (450)
[2021.06.03-04.06.14:441][425]LogModuleManager: Shutting down and abandoning module AdvancedPreviewScene (449)
[2021.06.03-04.06.14:441][425]LogModuleManager: Shutting down and abandoning module AnimGraph (447)
[2021.06.03-04.06.14:442][425]LogModuleManager: Shutting down and abandoning module Kismet (444)
[2021.06.03-04.06.14:446][425]LogModuleManager: Shutting down and abandoning module GraphEditor (442)
[2021.06.03-04.06.14:450][425]LogModuleManager: Shutting down and abandoning module ClassViewer (440)
[2021.06.03-04.06.14:450][425]LogModuleManager: Shutting down and abandoning module Toolbox (438)
[2021.06.03-04.06.14:450][425]LogModuleManager: Shutting down and abandoning module ModuleUI (436)
[2021.06.03-04.06.14:450][425]LogModuleManager: Shutting down and abandoning module MovieSceneTools (434)
[2021.06.03-04.06.14:451][425]LogModuleManager: Shutting down and abandoning module OutputLog (432)
[2021.06.03-04.06.14:451][425]LogModuleManager: Shutting down and abandoning module GammaUI (430)
[2021.06.03-04.06.14:452][425]LogModuleManager: Shutting down and abandoning module Documentation (428)
[2021.06.03-04.06.14:452][425]LogModuleManager: Shutting down and abandoning module MovieSceneTracks (426)
[2021.06.03-04.06.14:452][425]LogModuleManager: Shutting down and abandoning module MovieScene (424)
[2021.06.03-04.06.14:452][425]LogModuleManager: Shutting down and abandoning module StreamingPauseRendering (422)
[2021.06.03-04.06.14:453][425]LogModuleManager: Shutting down and abandoning module LauncherPlatform (420)
[2021.06.03-04.06.14:453][425]LogModuleManager: Shutting down and abandoning module AnalyticsET (418)
[2021.06.03-04.06.14:453][425]LogModuleManager: Shutting down and abandoning module PortalServices (416)
[2021.06.03-04.06.14:453][425]LogModuleManager: Shutting down and abandoning module PortalRpc (414)
[2021.06.03-04.06.14:453][425]LogModuleManager: Shutting down and abandoning module MessagingRpc (412)
[2021.06.03-04.06.14:453][425]LogModuleManager: Shutting down and abandoning module AIModule (410)
[2021.06.03-04.06.14:455][425]LogModuleManager: Shutting down and abandoning module GameplayDebugger (409)
[2021.06.03-04.06.14:456][425]LogModuleManager: Shutting down and abandoning module AITestSuite (407)
[2021.06.03-04.06.14:457][425]LogModuleManager: Shutting down and abandoning module NavigationSystem (405)
[2021.06.03-04.06.14:457][425]LogModuleManager: Shutting down and abandoning module DesktopPlatform (402)
[2021.06.03-04.06.14:457][425]LogModuleManager: Shutting down and abandoning module ProfilerService (400)
[2021.06.03-04.06.14:609][425]LogModuleManager: Shutting down and abandoning module TaskGraph (398)
[2021.06.03-04.06.14:616][425]LogModuleManager: Shutting down and abandoning module SteamVRController (396)
[2021.06.03-04.06.14:617][425]LogModuleManager: Shutting down and abandoning module ProceduralMeshComponentEditor (394)
[2021.06.03-04.06.14:618][425]LogModuleManager: Shutting down and abandoning module ProceduralMeshComponent (392)
[2021.06.03-04.06.14:622][425]LogModuleManager: Shutting down and abandoning module OculusInput (390)
[2021.06.03-04.06.14:623][425]LogModuleManager: Shutting down and abandoning module MobilePatchingUtils (388)
[2021.06.03-04.06.14:623][425]LogModuleManager: Shutting down and abandoning module EditableMesh (386)
[2021.06.03-04.06.14:626][425]LogModuleManager: Shutting down and abandoning module CustomMeshComponent (384)
[2021.06.03-04.06.14:626][425]LogModuleManager: Shutting down and abandoning module CableComponent (382)
[2021.06.03-04.06.14:626][425]LogModuleManager: Shutting down and abandoning module AudioCapture (380)
[2021.06.03-04.06.14:626][425]LogModuleManager: Shutting down and abandoning module ArchVisCharacter (378)
[2021.06.03-04.06.14:626][425]LogModuleManager: Shutting down and abandoning module AndroidPermission (376)
[2021.06.03-04.06.14:626][425]LogModuleManager: Shutting down and abandoning module NUTUnrealEngine4 (374)
[2021.06.03-04.06.14:626][425]LogModuleManager: Shutting down and abandoning module NetcodeUnitTest (372)
[2021.06.03-04.06.14:633][425]LogModuleManager: Shutting down and abandoning module MediaCompositingEditor (370)
[2021.06.03-04.06.14:633][425]LogModuleManager: Shutting down and abandoning module MediaCompositing (368)
[2021.06.03-04.06.14:633][425]LogModuleManager: Shutting down and abandoning module LinearTimecode (366)
[2021.06.03-04.06.14:633][425]LogModuleManager: Shutting down and abandoning module ImgMedia (364)
[2021.06.03-04.06.14:651][425]LogModuleManager: Shutting down and abandoning module HTML5Networking (362)
[2021.06.03-04.06.14:651][425]LogModuleManager: Shutting down and abandoning module GeometryCacheTracks (360)
[2021.06.03-04.06.14:651][425]LogModuleManager: Shutting down and abandoning module GeometryCacheSequencer (358)
[2021.06.03-04.06.14:652][425]LogModuleManager: Shutting down and abandoning module BackChannel (356)
[2021.06.03-04.06.14:653][425]LogModuleManager: Shutting down and abandoning module AppleVision (354)
[2021.06.03-04.06.14:653][425]LogModuleManager: Shutting down and abandoning module AppleImageUtils (352)
[2021.06.03-04.06.14:653][425]LogModuleManager: Shutting down and abandoning module AlembicImporter (350)
[2021.06.03-04.06.14:653][425]LogModuleManager: Shutting down and abandoning module AlembicLibrary (349)
[2021.06.03-04.06.14:654][425]LogModuleManager: Shutting down and abandoning module GeometryCache (348)
[2021.06.03-04.06.14:654][425]LogModuleManager: Shutting down and abandoning module GeometryCacheEd (347)
[2021.06.03-04.06.14:654][425]LogModuleManager: Shutting down and abandoning module DatasmithContentEditor (342)
[2021.06.03-04.06.14:654][425]LogModuleManager: Shutting down and abandoning module DatasmithContent (340)
[2021.06.03-04.06.14:657][425]LogModuleManager: Shutting down and abandoning module SpeedTreeImporter (338)
[2021.06.03-04.06.14:657][425]LogModuleManager: Shutting down and abandoning module PluginBrowser (336)
[2021.06.03-04.06.14:665][425]LogModuleManager: Shutting down and abandoning module MobileLauncherProfileWizard (334)
[2021.06.03-04.06.14:666][425]LogModuleManager: Shutting down and abandoning module PolygonModeling (332)
[2021.06.03-04.06.14:666][425]LogModuleManager: Shutting down and abandoning module MeshEditor (330)
[2021.06.03-04.06.14:667][425]LogModuleManager: Shutting down and abandoning module CryptoKeysOpenSSL (328)
[2021.06.03-04.06.14:667][425]LogModuleManager: Shutting down and abandoning module CryptoKeys (326)
[2021.06.03-04.06.14:668][425]LogModuleManager: Shutting down and abandoning module VisualStudioSourceCodeAccess (324)
[2021.06.03-04.06.14:668][425]LogModuleManager: Shutting down and abandoning module VisualStudioCodeSourceCodeAccess (322)
[2021.06.03-04.06.14:668][425]LogModuleManager: Shutting down and abandoning module UObjectPlugin (320)
[2021.06.03-04.06.14:668][425]LogModuleManager: Shutting down and abandoning module SubversionSourceControl (318)
[2021.06.03-04.06.14:669][425]LogModuleManager: Shutting down and abandoning module PerforceSourceControl (316)
[2021.06.03-04.06.14:670][425]LogModuleManager: Shutting down and abandoning module GitSourceControl (314)
[2021.06.03-04.06.14:671][425]LogModuleManager: Shutting down and abandoning module SourceControl (313)
[2021.06.03-04.06.14:671][425]LogModuleManager: Shutting down and abandoning module CLionSourceCodeAccess (310)
[2021.06.03-04.06.14:672][425]LogModuleManager: Shutting down and abandoning module LightPropagationVolumeEditor (308)
[2021.06.03-04.06.14:672][425]LogModuleManager: Shutting down and abandoning module PaperTiledImporter (306)
[2021.06.03-04.06.14:672][425]LogModuleManager: Shutting down and abandoning module PaperSpriteSheetImporter (304)
[2021.06.03-04.06.14:672][425]LogModuleManager: Shutting down and abandoning module Paper2DEditor (302)
[2021.06.03-04.06.14:675][425]LogModuleManager: Shutting down and abandoning module MeshPaint (301)
[2021.06.03-04.06.14:676][425]LogModuleManager: Shutting down and abandoning module RuntimePhysXCooking (298)
[2021.06.03-04.06.14:676][425]LogModuleManager: Shutting down and abandoning module PhysXVehiclesEditor (296)
[2021.06.03-04.06.14:676][425]LogModuleManager: Shutting down and abandoning module PhysXVehicles (294)
[2021.06.03-04.06.14:676][425]LogModuleManager: Shutting down and abandoning module OculusEditor (292)
[2021.06.03-04.06.14:677][425]LogModuleManager: Shutting down and abandoning module LocationServicesBPLibrary (290)
[2021.06.03-04.06.14:677][425]LogModuleManager: Shutting down and abandoning module ImmediatePhysicsEditor (288)
[2021.06.03-04.06.14:677][425]LogModuleManager: Shutting down and abandoning module ImmediatePhysics (286)
[2021.06.03-04.06.14:679][425]LogModuleManager: Shutting down and abandoning module ActorSequence (284)
[2021.06.03-04.06.14:679][425]LogModuleManager: Shutting down and abandoning module UdpMessaging (282)
[2021.06.03-04.06.14:785][425]LogModuleManager: Shutting down and abandoning module TcpMessaging (280)
[2021.06.03-04.06.14:888][425]LogModuleManager: Shutting down and abandoning module MagicLeapAudio (278)
[2021.06.03-04.06.14:888][425]LogModuleManager: Shutting down and abandoning module GameplayTagsEditor (276)
[2021.06.03-04.06.14:889][425]LogModuleManager: Shutting down and abandoning module FacialAnimationEditor (274)
[2021.06.03-04.06.14:889][425]LogModuleManager: Shutting down and abandoning module FacialAnimation (272)
[2021.06.03-04.06.14:889][425]LogModuleManager: Shutting down and abandoning module DataValidation (270)
[2021.06.03-04.06.14:889][425]LogModuleManager: Shutting down and abandoning module AssetManagerEditor (268)
[2021.06.03-04.06.14:891][425]LogModuleManager: Shutting down and abandoning module LevelEditor (267)
[2021.06.03-04.06.14:907][425]LogModuleManager: Shutting down and abandoning module PixelInspectorModule (266)
[2021.06.03-04.06.14:908][425]LogModuleManager: Shutting down and abandoning module CommonMenuExtensions (264)
[2021.06.03-04.06.14:908][425]LogModuleManager: Shutting down and abandoning module MainFrame (262)
[2021.06.03-04.06.14:909][425]LogModuleManager: Shutting down and abandoning module HotReload (261)
[2021.06.03-04.06.14:915][425]LogModuleManager: Shutting down and abandoning module ContentBrowser (257)
[2021.06.03-04.06.14:923][425]LogModuleManager: Shutting down and abandoning module TreeMap (255)
[2021.06.03-04.06.14:924][425]LogModuleManager: Shutting down and abandoning module LightPropagationVolumeRuntime (252)
[2021.06.03-04.06.14:924][425]LogModuleManager: Shutting down and abandoning module AISupportModule (250)
[2021.06.03-04.06.14:924][425]LogModuleManager: Shutting down and abandoning module Paper2D (248)
[2021.06.03-04.06.14:925][425]LogModuleManager: Shutting down and abandoning module WindowsMoviePlayer (246)
[2021.06.03-04.06.14:926][425]LogModuleManager: Shutting down and abandoning module WmfMedia (244)
[2021.06.03-04.06.14:930][425]LogModuleManager: Shutting down and abandoning module Media (243)
[2021.06.03-04.06.14:937][425]LogModuleManager: Shutting down and abandoning module PacketHandler (240)
[2021.06.03-04.06.14:938][425]LogModuleManager: Shutting down and abandoning module ClothingSystemEditor (238)
[2021.06.03-04.06.14:938][425]LogModuleManager: Shutting down and abandoning module ClothingSystemRuntime (236)
[2021.06.03-04.06.14:940][425]LogModuleManager: Shutting down and abandoning module MediaAssets (234)
[2021.06.03-04.06.14:940][425]LogModuleManager: Shutting down and abandoning module Overlay (232)
[2021.06.03-04.06.14:940][425]LogModuleManager: Shutting down and abandoning module OverlayEditor (231)
[2021.06.03-04.06.14:940][425]LogModuleManager: Shutting down and abandoning module VREditor (228)
[2021.06.03-04.06.14:941][425]LogModuleManager: Shutting down and abandoning module StringTableEditor (226)
[2021.06.03-04.06.14:943][425]LogModuleManager: Shutting down and abandoning module GameplayTasksEditor (224)
[2021.06.03-04.06.14:943][425]LogModuleManager: Shutting down and abandoning module BehaviorTreeEditor (222)
[2021.06.03-04.06.14:948][425]LogModuleManager: Shutting down and abandoning module FunctionalTesting (220)
[2021.06.03-04.06.14:949][425]LogModuleManager: Shutting down and abandoning module CollisionAnalyzer (218)
[2021.06.03-04.06.14:951][425]LogModuleManager: Shutting down and abandoning module WorkspaceMenuStructure (217)
[2021.06.03-04.06.14:954][425]LogModuleManager: Shutting down and abandoning module UMG (214)
[2021.06.03-04.06.14:955][425]LogModuleManager: Shutting down and abandoning module UMGEditor (213)
[2021.06.03-04.06.14:957][425]LogModuleManager: Shutting down and abandoning module Sequencer (212)
[2021.06.03-04.06.14:964][425]LogModuleManager: Shutting down and abandoning module MessageLog (209)
[2021.06.03-04.06.14:964][425]LogModuleManager: Shutting down and abandoning module SlateReflector (204)
[2021.06.03-04.06.14:967][425]LogModuleManager: Shutting down and abandoning module Slate (202)
[2021.06.03-04.06.14:968][425]LogModuleManager: Shutting down and abandoning module EditorStyle (200)
[2021.06.03-04.06.14:984][425]LogModuleManager: Shutting down and abandoning module MRMesh (198)
[2021.06.03-04.06.14:984][425]LogModuleManager: Shutting down and abandoning module SourceCodeAccess (196)
[2021.06.03-04.06.14:984][425]LogModuleManager: Shutting down and abandoning module HeadMountedDisplay (194)
[2021.06.03-04.06.14:985][425]LogModuleManager: Shutting down and abandoning module XAudio2 (192)
[2021.06.03-04.06.14:985][425]LogModuleManager: Shutting down and abandoning module Networking (190)
[2021.06.03-04.06.14:985][425]LogModuleManager: Shutting down and abandoning module Core (188)
[2021.06.03-04.06.14:985][425]LogModuleManager: Shutting down and abandoning module LevelSequence (186)
[2021.06.03-04.06.14:985][425]LogModuleManager: Shutting down and abandoning module KismetCompiler (184)
[2021.06.03-04.06.14:986][425]LogModuleManager: Shutting down and abandoning module MeshUtilities (182)
[2021.06.03-04.06.14:989][425]LogModuleManager: Shutting down and abandoning module MeshMergeUtilities (181)
[2021.06.03-04.06.14:990][425]LogModuleManager: Shutting down and abandoning module MeshReductionInterface (180)
[2021.06.03-04.06.14:990][425]LogModuleManager: Shutting down and abandoning module SimplygonSwarm (179)
[2021.06.03-04.06.14:993][425]LogModuleManager: Shutting down and abandoning module ProxyLODMeshReduction (177)
[2021.06.03-04.06.14:998][425]LogModuleManager: Shutting down and abandoning module SimplygonMeshReduction (175)
[2021.06.03-04.06.15:001][425]LogModuleManager: Shutting down and abandoning module QuadricMeshReduction (173)
[2021.06.03-04.06.15:002][425]LogModuleManager: Shutting down and abandoning module MaterialBaking (169)
[2021.06.03-04.06.15:005][425]LogModuleManager: Shutting down and abandoning module DirectoryWatcher (165)
[2021.06.03-04.06.15:040][425]LogModuleManager: Shutting down and abandoning module DerivedDataCache (162)
[2021.06.03-04.06.15:086][425]LogDerivedDataCache: Shutdown
[2021.06.03-04.06.15:086][425]LogModuleManager: Shutting down and abandoning module XGEController (160)
[2021.06.03-04.06.15:087][425]LogModuleManager: Shutting down and abandoning module TargetPlatform (158)
[2021.06.03-04.06.15:088][425]LogModuleManager: Shutting down and abandoning module VulkanShaderFormat (157)
[2021.06.03-04.06.15:090][425]LogModuleManager: Shutting down and abandoning module ShaderFormatVectorVM (155)
[2021.06.03-04.06.15:091][425]LogModuleManager: Shutting down and abandoning module ShaderFormatOpenGL (153)
[2021.06.03-04.06.15:091][425]LogModuleManager: Shutting down and abandoning module ShaderFormatD3D (151)
[2021.06.03-04.06.15:091][425]LogModuleManager: Shutting down and abandoning module MetalShaderFormat (149)
[2021.06.03-04.06.15:092][425]LogModuleManager: Shutting down and abandoning module TextureFormatUncompressed (147)
[2021.06.03-04.06.15:092][425]LogModuleManager: Shutting down and abandoning module TextureFormatPVR (145)
[2021.06.03-04.06.15:092][425]LogModuleManager: Shutting down and abandoning module TextureFormatDXT (143)
[2021.06.03-04.06.15:093][425]LogModuleManager: Shutting down and abandoning module TextureFormatIntelISPCTexComp (141)
[2021.06.03-04.06.15:094][425]LogModuleManager: Shutting down and abandoning module TextureFormatASTC (139)
[2021.06.03-04.06.15:095][425]LogModuleManager: Shutting down and abandoning module ImageWrapper (138)
[2021.06.03-04.06.15:095][425]LogModuleManager: Shutting down and abandoning module TextureFormatAndroid (135)
[2021.06.03-04.06.15:095][425]LogModuleManager: Shutting down and abandoning module AudioFormatOpus (133)
[2021.06.03-04.06.15:095][425]LogModuleManager: Shutting down and abandoning module AudioFormatOgg (131)
[2021.06.03-04.06.15:095][425]LogModuleManager: Shutting down and abandoning module AudioFormatADPCM (129)
[2021.06.03-04.06.15:095][425]LogModuleManager: Shutting down and abandoning module LuminTargetPlatform (127)
[2021.06.03-04.06.15:095][425]LogModuleManager: Shutting down and abandoning module LinuxTargetPlatform (125)
[2021.06.03-04.06.15:096][425]LogModuleManager: Shutting down and abandoning module LinuxServerTargetPlatform (123)
[2021.06.03-04.06.15:096][425]LogModuleManager: Shutting down and abandoning module LinuxNoEditorTargetPlatform (121)
[2021.06.03-04.06.15:097][425]LogModuleManager: Shutting down and abandoning module LinuxClientTargetPlatform (119)
[2021.06.03-04.06.15:097][425]LogModuleManager: Shutting down and abandoning module TVOSTargetPlatform (117)
[2021.06.03-04.06.15:121][425]LogModuleManager: Shutting down and abandoning module Messaging (115)
[2021.06.03-04.06.15:121][425]LogModuleManager: Shutting down and abandoning module IOSTargetPlatform (113)
[2021.06.03-04.06.15:150][425]LogModuleManager: Shutting down and abandoning module HTML5TargetPlatform (111)
[2021.06.03-04.06.15:150][425]LogModuleManager: Shutting down and abandoning module AndroidTargetPlatform (109)
[2021.06.03-04.06.15:307][425]LogModuleManager: Shutting down and abandoning module WindowsTargetPlatform (107)
[2021.06.03-04.06.15:307][425]LogModuleManager: Shutting down and abandoning module WindowsServerTargetPlatform (105)
[2021.06.03-04.06.15:307][425]LogModuleManager: Shutting down and abandoning module WindowsNoEditorTargetPlatform (103)
[2021.06.03-04.06.15:307][425]LogModuleManager: Shutting down and abandoning module WindowsClientTargetPlatform (101)
[2021.06.03-04.06.15:307][425]LogModuleManager: Shutting down and abandoning module MacTargetPlatform (99)
[2021.06.03-04.06.15:309][425]LogModuleManager: Shutting down and abandoning module MacServerTargetPlatform (97)
[2021.06.03-04.06.15:309][425]LogModuleManager: Shutting down and abandoning module MacNoEditorTargetPlatform (95)
[2021.06.03-04.06.15:309][425]LogModuleManager: Shutting down and abandoning module MacClientTargetPlatform (93)
[2021.06.03-04.06.15:309][425]LogModuleManager: Shutting down and abandoning module AllDesktopTargetPlatform (91)
[2021.06.03-04.06.15:309][425]LogModuleManager: Shutting down and abandoning module InputCore (88)
[2021.06.03-04.06.15:309][425]LogModuleManager: Shutting down and abandoning module Settings (86)
[2021.06.03-04.06.15:312][425]LogModuleManager: Shutting down and abandoning module PhysXCooking (84)
[2021.06.03-04.06.15:312][425]LogModuleManager: Shutting down and abandoning module SteamVR (82)
[2021.06.03-04.06.15:313][425]LogModuleManager: Shutting down and abandoning module OculusHMD (80)
[2021.06.03-04.06.15:314][425]LogModuleManager: Shutting down and abandoning module ExampleDeviceProfileSelector (78)
[2021.06.03-04.06.15:314][425]LogModuleManager: Shutting down and abandoning module LauncherChunkInstaller (76)
[2021.06.03-04.06.15:315][425]LogModuleManager: Shutting down and abandoning module OnlineBlueprintSupport (74)
[2021.06.03-04.06.15:315][425]LogModuleManager: Shutting down and abandoning module OnlineSubsystem (70)
[2021.06.03-04.06.15:322][425]LogModuleManager: Shutting down and abandoning module XMPP (65)
[2021.06.03-04.06.15:325][425]LogModuleManager: Shutting down and abandoning module WebSockets (64)
[2021.06.03-04.06.15:368][425]LogModuleManager: Shutting down and abandoning module HTTP (61)
[2021.06.03-04.06.15:368][425]LogHttp: Display: Http module shutting down, but needs to wait on 1 outstanding Http requests:
[2021.06.03-04.06.15:368][425]LogHttp: Display: 	verb=[POST] url=[https://datarouter.ol.epicgames.com/datarouter/api/v1/public/data?SessionID=%7B2DE35711-4B6A-1033-A569-16B9EF314784%7D&AppID=UEEditor.Rocket.Release&AppVersion=4.20.3-4369336%2B%2B%2BUE4%2BRelease-4.20&UserID=1052eda44f08779a58bcc6a46bd394cf%7Cd70bc6a575304a64b21c65f17c4b9c21%7C3777e377-175f-4697-923d-8dad73724547&AppEnvironment=datacollector-binary&UploadType=eteventstream] status=Processing
[2021.06.03-04.06.15:382][425]LogModuleManager: Shutting down and abandoning module SSL (60)
[2021.06.03-04.06.15:387][425]LogModuleManager: Shutting down and abandoning module MagicLeapEmulator (56)
[2021.06.03-04.06.15:387][425]LogModuleManager: Shutting down and abandoning module MagicLeapPrivileges (54)
[2021.06.03-04.06.15:387][425]LogModuleManager: Shutting down and abandoning module MagicLeapIdentity (52)
[2021.06.03-04.06.15:387][425]LogModuleManager: Shutting down and abandoning module MagicLeapHelperVulkan (50)
[2021.06.03-04.06.15:388][425]LogModuleManager: Shutting down and abandoning module MagicLeapHelperOpenGL (48)
[2021.06.03-04.06.15:388][425]LogModuleManager: Shutting down and abandoning module MagicLeapSecureStorage (46)
[2021.06.03-04.06.15:388][425]LogModuleManager: Shutting down and abandoning module MagicLeapGestures (44)
[2021.06.03-04.06.15:388][425]LogModuleManager: Shutting down and abandoning module MagicLeapEyeTracker (42)
[2021.06.03-04.06.15:388][425]LogModuleManager: Shutting down and abandoning module MagicLeapController (40)
[2021.06.03-04.06.15:390][425]LogSlate: Slate User Destroyed.  User Index 0, Is Virtual User: 0
[2021.06.03-04.06.15:391][425]LogModuleManager: Shutting down and abandoning module MagicLeap (38)
[2021.06.03-04.06.15:393][425]LogModuleManager: Shutting down and abandoning module AnimationModifiers (36)
[2021.06.03-04.06.15:396][425]LogModuleManager: Shutting down and abandoning module PropertyEditor (35)
[2021.06.03-04.06.15:398][425]LogModuleManager: Shutting down and abandoning module AudioEditor (32)
[2021.06.03-04.06.15:401][425]LogModuleManager: Shutting down and abandoning module TextureCompressor (30)
[2021.06.03-04.06.15:405][425]LogModuleManager: Shutting down and abandoning module ShaderCore (28)
[2021.06.03-04.06.15:406][425]LogModuleManager: Shutting down and abandoning module Landscape (26)
[2021.06.03-04.06.15:406][425]LogModuleManager: Shutting down and abandoning module SlateRHIRenderer (24)
[2021.06.03-04.06.15:416][425]LogModuleManager: Shutting down and abandoning module OpenGLDrv (22)
[2021.06.03-04.06.15:419][425]LogModuleManager: Shutting down and abandoning module D3D11RHI (20)
[2021.06.03-04.06.15:420][425]LogModuleManager: Shutting down and abandoning module AnimGraphRuntime (18)
[2021.06.03-04.06.15:421][425]LogModuleManager: Shutting down and abandoning module Renderer (16)
[2021.06.03-04.06.15:421][425]LogModuleManager: Shutting down and abandoning module Engine (14)
[2021.06.03-04.06.15:421][425]LogModuleManager: Shutting down and abandoning module CoreUObject (12)
[2021.06.03-04.06.15:422][425]LogModuleManager: Shutting down and abandoning module NetworkFile (10)
[2021.06.03-04.06.15:422][425]LogModuleManager: Shutting down and abandoning module CookedIterativeFile (8)
[2021.06.03-04.06.15:422][425]LogModuleManager: Shutting down and abandoning module StreamingFile (6)
[2021.06.03-04.06.15:423][425]LogModuleManager: Shutting down and abandoning module SandboxFile (4)
[2021.06.03-04.06.15:423][425]LogModuleManager: Shutting down and abandoning module PakFile (2)
[2021.06.03-04.06.15:460][425]LogExit: Exiting.
[2021.06.03-04.06.15:507][425]Log file closed, 06/02/21 21:06:15
